[2026-03-08 22:16:43] ======================================================================
[2026-03-08 22:16:43] GRN Benchmark - Embedding Only (No Expression)
[2026-03-08 22:16:43] ======================================================================
[2026-03-08 22:16:43] Vocab: 60697 genes
[2026-03-08 22:16:43] Loaded difference_v3: (60697, 256)
[2026-03-08 22:16:43] Loaded baseline: (60697, 256)
[2026-03-08 22:16:43] Loaded scGPT_human: (60697, 512)
[2026-03-08 22:16:45] Loaded GF-12L95M: (11355, 512)
[2026-03-08 22:16:45] Adding random embedding baseline (256-dim)...
[2026-03-08 22:16:45] 
======================================================================
[2026-03-08 22:16:45] Dataset: hESC500 (910 genes)
[2026-03-08 22:16:45] ======================================================================
[2026-03-08 22:16:45] Train: 20677 pairs (pos=3030, neg=17647)
[2026-03-08 22:16:45] Val:   3087 pairs (pos=454, neg=2633)
[2026-03-08 22:16:45] Test:  7142 pairs (pos=1061, neg=6081)
[2026-03-08 22:16:45] 
Embedding            Clf     Coverage        AUROC        AUPRC
[2026-03-08 22:16:45] -----------------------------------------------------------------
[2026-03-08 22:16:47] difference_v3        lr       848/910      0.8563      0.5478
[2026-03-08 22:17:12] difference_v3        mlp      848/910      0.8473      0.5280
[2026-03-08 22:17:13] baseline             lr       848/910      0.8646      0.5628
[2026-03-08 22:17:50] baseline             mlp      848/910      0.8457      0.5496
[2026-03-08 22:17:53] scGPT_human          lr       848/910      0.8635      0.5787
[2026-03-08 22:18:46] scGPT_human          mlp      848/910      0.8504      0.5451
[2026-03-08 22:18:54] GF-12L95M            lr       637/910      0.8243      0.4164
[2026-03-08 22:19:25] GF-12L95M            mlp      637/910      0.8128      0.3828
[2026-03-08 22:19:26] random_256           lr       910/910      0.8533      0.5255
[2026-03-08 22:19:46] random_256           mlp      910/910      0.8534      0.5301
[2026-03-08 22:19:46] 
======================================================================
[2026-03-08 22:19:46] Dataset: mESC500 (1120 genes)
[2026-03-08 22:19:46] ======================================================================
[2026-03-08 22:19:47] Train: 65896 pairs (pos=19804, neg=46092)
[2026-03-08 22:19:47] Val:   9839 pairs (pos=2956, neg=6883)
[2026-03-08 22:19:47] Test:  22737 pairs (pos=6853, neg=15884)
[2026-03-08 22:19:47] 
Embedding            Clf     Coverage        AUROC        AUPRC
[2026-03-08 22:19:47] -----------------------------------------------------------------
[2026-03-08 22:19:54] difference_v3        lr      937/1120      0.8908      0.8007
[2026-03-08 22:21:16] difference_v3        mlp     937/1120      0.8907      0.8076
[2026-03-08 22:21:21] baseline             lr      937/1120      0.8946      0.8080
[2026-03-08 22:22:25] baseline             mlp     937/1120      0.8973      0.8159
[2026-03-08 22:22:34] scGPT_human          lr      937/1120      0.8975      0.8172
[2026-03-08 22:24:16] scGPT_human          mlp     937/1120      0.9003      0.8208
[2026-03-08 22:24:44] GF-12L95M            lr      642/1120      0.7922      0.6517
[2026-03-08 22:26:27] GF-12L95M            mlp     642/1120      0.7888      0.6470
[2026-03-08 22:26:30] random_256           lr       910/910      0.8738      0.7514
[2026-03-08 22:27:36] random_256           mlp      910/910      0.8989      0.8082
[2026-03-08 22:27:36] 
======================================================================
[2026-03-08 22:27:36] SUMMARY
[2026-03-08 22:27:36] ======================================================================
[2026-03-08 22:27:36] 
--- hESC500 ---
[2026-03-08 22:27:36] Embedding            Clf     Coverage        AUROC        AUPRC
[2026-03-08 22:27:36] -----------------------------------------------------------------
[2026-03-08 22:27:36] difference_v3        lr       848/910      0.8563      0.5478
[2026-03-08 22:27:36] difference_v3        mlp      848/910      0.8473      0.5280
[2026-03-08 22:27:36] baseline             lr       848/910      0.8646      0.5628
[2026-03-08 22:27:36] baseline             mlp      848/910      0.8457      0.5496
[2026-03-08 22:27:36] scGPT_human          lr       848/910      0.8635      0.5787
[2026-03-08 22:27:36] scGPT_human          mlp      848/910      0.8504      0.5451
[2026-03-08 22:27:36] GF-12L95M            lr       637/910      0.8243      0.4164
[2026-03-08 22:27:36] GF-12L95M            mlp      637/910      0.8128      0.3828
[2026-03-08 22:27:36] random_256           lr       910/910      0.8533      0.5255
[2026-03-08 22:27:36] random_256           mlp      910/910      0.8534      0.5301
[2026-03-08 22:27:36] 
--- mESC500 ---
[2026-03-08 22:27:36] Embedding            Clf     Coverage        AUROC        AUPRC
[2026-03-08 22:27:36] -----------------------------------------------------------------
[2026-03-08 22:27:36] difference_v3        lr      937/1120      0.8908      0.8007
[2026-03-08 22:27:36] difference_v3        mlp     937/1120      0.8907      0.8076
[2026-03-08 22:27:36] baseline             lr      937/1120      0.8946      0.8080
[2026-03-08 22:27:36] baseline             mlp     937/1120      0.8973      0.8159
[2026-03-08 22:27:36] scGPT_human          lr      937/1120      0.8975      0.8172
[2026-03-08 22:27:36] scGPT_human          mlp     937/1120      0.9003      0.8208
[2026-03-08 22:27:36] GF-12L95M            lr      642/1120      0.7922      0.6517
[2026-03-08 22:27:36] GF-12L95M            mlp     642/1120      0.7888      0.6470
[2026-03-08 22:27:36] random_256           lr     1120/1120      0.8738      0.7514
[2026-03-08 22:27:36] random_256           mlp    1120/1120      0.8989      0.8082
[2026-03-08 22:27:36] 
Results saved to /root/autodl-tmp/grn_benchmark/grn_emb_only_results.csv
[2026-03-08 22:27:36] Done!
[2026-03-08 22:28:06] ======================================================================
[2026-03-08 22:28:06] GRN Benchmark - Embedding Only (No Expression)
[2026-03-08 22:28:06] ======================================================================
[2026-03-08 22:28:06] Vocab: 60697 genes
[2026-03-08 22:28:06] Loaded difference_v3: (60697, 256)
[2026-03-08 22:28:06] Loaded baseline: (60697, 256)
[2026-03-08 22:28:06] Loaded scGPT_human: (60697, 512)
[2026-03-08 22:28:07] Loaded GF-12L95M: (11355, 512)
[2026-03-08 22:28:07] Adding random embedding baseline (256-dim)...
[2026-03-08 22:28:07] 
======================================================================
[2026-03-08 22:28:07] Dataset: hESC500 (910 genes)
[2026-03-08 22:28:07] ======================================================================
[2026-03-08 22:28:08] Train: 20677 pairs (pos=3030, neg=17647)
[2026-03-08 22:28:08] Val:   3087 pairs (pos=454, neg=2633)
[2026-03-08 22:28:08] Test:  7142 pairs (pos=1061, neg=6081)
[2026-03-08 22:28:08] 
Embedding            Clf     Coverage        AUROC        AUPRC
[2026-03-08 22:28:08] -----------------------------------------------------------------
[2026-03-08 22:28:10] difference_v3        lr       848/910      0.8563      0.5478
[2026-03-08 22:28:33] difference_v3        mlp      848/910      0.8473      0.5280
[2026-03-08 22:28:35] baseline             lr       848/910      0.8646      0.5628
[2026-03-08 22:29:10] baseline             mlp      848/910      0.8457      0.5496
[2026-03-08 22:29:13] scGPT_human          lr       848/910      0.8635      0.5787
[2026-03-08 22:30:07] scGPT_human          mlp      848/910      0.8504      0.5451
[2026-03-08 22:30:14] GF-12L95M            lr       637/910      0.8243      0.4164
[2026-03-08 22:30:44] GF-12L95M            mlp      637/910      0.8128      0.3828
[2026-03-08 22:30:45] random_256           lr       910/910      0.8533      0.5255
[2026-03-08 22:31:06] random_256           mlp      910/910      0.8534      0.5301
[2026-03-08 22:31:06] 
======================================================================
[2026-03-08 22:31:06] Dataset: mESC500 (1120 genes)
[2026-03-08 22:31:06] ======================================================================
[2026-03-08 22:31:06] Train: 65896 pairs (pos=19804, neg=46092)
[2026-03-08 22:31:06] Val:   9839 pairs (pos=2956, neg=6883)
[2026-03-08 22:31:06] Test:  22737 pairs (pos=6853, neg=15884)
[2026-03-08 22:31:06] 
Embedding            Clf     Coverage        AUROC        AUPRC
[2026-03-08 22:31:06] -----------------------------------------------------------------
[2026-03-08 22:31:14] difference_v3        lr      937/1120      0.8908      0.8007
[2026-04-03 19:14:27] ======================================================================
[2026-04-03 19:14:27] GRN Benchmark - Embedding Only (No Expression)
[2026-04-03 19:14:27] ======================================================================
[2026-04-03 19:14:27] Datasets to evaluate (2): ['hESC500', 'mESC500']
[2026-04-03 19:14:27] Vocab: 60697 genes
[2026-04-03 19:14:59] ======================================================================
[2026-04-03 19:14:59] GRN Benchmark - Embedding Only (No Expression)
[2026-04-03 19:14:59] ======================================================================
[2026-04-03 19:14:59] Datasets to evaluate (2): ['hESC500', 'mESC500']
[2026-04-03 19:14:59] Vocab: 60697 genes
[2026-04-03 19:14:59] Loaded minus: (60697, 256)
[2026-04-03 19:14:59] Loaded baseline: (60697, 256)
[2026-04-03 19:14:59] Loaded scGPT_human: (60697, 512)
[2026-04-03 19:14:59] Loaded v4_bias_rec_best: (60697, 256)
[2026-04-03 19:14:59] Loaded v4_plain_best: (60697, 256)
[2026-04-03 19:15:00] Loaded v4_type_pe_best: (60697, 256)
[2026-04-03 19:15:00] Adding random embedding baseline (256-dim)...
[2026-04-03 19:15:00] 
======================================================================
[2026-04-03 19:15:00] Dataset: hESC500 (910 genes)
[2026-04-03 19:15:00] ======================================================================
[2026-04-03 19:15:00] Train: 20677 pairs (pos=3030, neg=17647)
[2026-04-03 19:15:00] Val:   3087 pairs (pos=454, neg=2633)
[2026-04-03 19:15:00] Test:  7142 pairs (pos=1061, neg=6081)
[2026-04-03 19:15:00] 
Embedding            Clf     Coverage        AUROC        AUPRC
[2026-04-03 19:15:00] -----------------------------------------------------------------
[2026-04-03 19:15:01] minus                lr       848/910      0.8569      0.5577
[2026-04-03 19:15:11] minus                mlp      848/910      0.8563      0.5574
[2026-04-03 19:15:14] baseline             lr       848/910      0.8670      0.5829
[2026-04-03 19:15:23] baseline             mlp      848/910      0.8562      0.5565
[2026-04-03 19:15:27] scGPT_human          lr       848/910      0.8636      0.5790
[2026-04-03 19:15:52] scGPT_human          mlp      848/910      0.8481      0.5367
[2026-04-03 19:20:24] ======================================================================
[2026-04-03 19:20:24] GRN Benchmark - Embedding Only (No Expression)
[2026-04-03 19:20:24] ======================================================================
[2026-04-03 19:20:24] Datasets to evaluate (6): ['hESC500', 'hHep500', 'mESC500', 'mHSC-E500', 'mHSC-GM500', 'mHSC-L500']
[2026-04-03 19:20:24] Vocab: 60697 genes
[2026-04-03 19:21:48] ======================================================================
[2026-04-03 19:21:48] GRN Benchmark - Embedding Only (No Expression)
[2026-04-03 19:21:48] ======================================================================
[2026-04-03 19:21:48] Datasets to evaluate (6): ['hESC500', 'hHep500', 'mESC500', 'mHSC-E500', 'mHSC-GM500', 'mHSC-L500']
[2026-04-03 19:21:48] Vocab: 60697 genes
[2026-04-03 19:21:48] Loaded minus: (60697, 256)
[2026-04-03 19:21:49] Loaded baseline: (60697, 256)
[2026-04-03 19:21:49] Loaded scGPT_human: (60697, 512)
[2026-04-03 19:21:49] Loaded v4_bias_rec_best: (60697, 256)
[2026-04-03 19:21:49] Loaded v4_plain_best: (60697, 256)
[2026-04-03 19:21:49] Loaded v4_type_pe_best: (60697, 256)
[2026-04-03 19:21:49] Adding random embedding baseline (256-dim)...
[2026-04-03 19:21:49] 
======================================================================
[2026-04-03 19:21:49] Dataset: hESC500 (910 genes)
[2026-04-03 19:21:49] ======================================================================
[2026-04-03 19:21:49] Train: 20677 pairs (pos=3030, neg=17647)
[2026-04-03 19:21:49] Val:   3087 pairs (pos=454, neg=2633)
[2026-04-03 19:21:49] Test:  7142 pairs (pos=1061, neg=6081)
[2026-04-03 19:21:49] 
Embedding            Clf     Coverage        AUROC        AUPRC
[2026-04-03 19:21:49] -----------------------------------------------------------------
[2026-04-03 19:21:50] minus                lr       848/910      0.8569      0.5577
[2026-04-03 19:21:58] minus                mlp      848/910      0.8563      0.5574
[2026-04-03 19:21:59] baseline             lr       848/910      0.8670      0.5829
[2026-04-03 19:22:06] baseline             mlp      848/910      0.8562      0.5565
[2026-04-03 19:22:10] scGPT_human          lr       848/910      0.8636      0.5790
[2026-04-03 19:22:29] scGPT_human          mlp      848/910      0.8481      0.5367
[2026-04-03 19:22:31] v4_bias_rec_best     lr       848/910      0.8638      0.5668
[2026-04-03 19:22:38] v4_bias_rec_best     mlp      848/910      0.8612      0.5591
[2026-04-03 19:22:39] v4_plain_best        lr       848/910      0.8635      0.5767
[2026-04-03 19:22:50] v4_plain_best        mlp      848/910      0.8475      0.5491
[2026-04-03 19:22:51] v4_type_pe_best      lr       848/910      0.8600      0.5554
[2026-04-03 19:23:01] v4_type_pe_best      mlp      848/910      0.8559      0.5581
[2026-04-03 19:23:05] random_256           lr       910/910      0.8533      0.5255
[2026-04-03 19:23:16] random_256           mlp      910/910      0.8534      0.5301
[2026-04-03 19:23:16] 
======================================================================
[2026-04-03 19:23:16] Dataset: hHep500 (500 genes)
[2026-04-03 19:23:16] ======================================================================
[2026-04-03 19:23:16] Train: 4 pairs (pos=2, neg=2)
[2026-04-03 19:23:16] Val:   0 pairs (pos=0, neg=0)
[2026-04-03 19:23:16] Test:  2 pairs (pos=1, neg=1)
[2026-04-03 19:23:16] 
Embedding            Clf     Coverage        AUROC        AUPRC
[2026-04-03 19:23:16] -----------------------------------------------------------------
[2026-04-03 19:23:16] minus                lr       487/500      0.0000      0.5000
[2026-04-03 19:23:16] minus                mlp      487/500 ERROR: The test_size = 1 should be greater or equal to the number of classes = 2
[2026-04-03 19:23:16] baseline             lr       487/500      1.0000      1.0000
[2026-04-03 19:23:17] baseline             mlp      487/500 ERROR: The test_size = 1 should be greater or equal to the number of classes = 2
[2026-04-03 19:23:17] scGPT_human          lr       487/500      1.0000      1.0000
[2026-04-03 19:23:17] scGPT_human          mlp      487/500 ERROR: The test_size = 1 should be greater or equal to the number of classes = 2
[2026-04-03 19:23:17] v4_bias_rec_best     lr       487/500      1.0000      1.0000
[2026-04-03 19:23:17] v4_bias_rec_best     mlp      487/500 ERROR: The test_size = 1 should be greater or equal to the number of classes = 2
[2026-04-03 19:23:17] v4_plain_best        lr       487/500      1.0000      1.0000
[2026-04-03 19:23:17] v4_plain_best        mlp      487/500 ERROR: The test_size = 1 should be greater or equal to the number of classes = 2
[2026-04-03 19:23:17] v4_type_pe_best      lr       487/500      0.0000      0.5000
[2026-04-03 19:23:17] v4_type_pe_best      mlp      487/500 ERROR: The test_size = 1 should be greater or equal to the number of classes = 2
[2026-04-03 19:23:17] random_256           lr       910/910      1.0000      1.0000
[2026-04-03 19:23:17] random_256           mlp   ERROR: The test_size = 1 should be greater or equal to the number of classes = 2
[2026-04-03 19:23:17] 
======================================================================
[2026-04-03 19:23:17] Dataset: mESC500 (1120 genes)
[2026-04-03 19:23:17] ======================================================================
[2026-04-03 19:23:17] Train: 65896 pairs (pos=19804, neg=46092)
[2026-04-03 19:23:17] Val:   9839 pairs (pos=2956, neg=6883)
[2026-04-03 19:23:17] Test:  22737 pairs (pos=6853, neg=15884)
[2026-04-03 19:23:17] 
Embedding            Clf     Coverage        AUROC        AUPRC
[2026-04-03 19:23:17] -----------------------------------------------------------------
[2026-04-03 19:23:37] minus                lr      937/1120      0.8938      0.8094
[2026-04-03 19:24:12] minus                mlp     937/1120      0.8980      0.8189
[2026-04-03 19:24:27] baseline             lr      937/1120      0.8932      0.8068
[2026-04-03 19:24:55] baseline             mlp     937/1120      0.8988      0.8197
[2026-04-03 19:25:45] scGPT_human          lr      937/1120      0.8976      0.8174
[2026-04-03 19:26:43] scGPT_human          mlp     937/1120      0.9000      0.8224
[2026-04-03 19:26:55] v4_bias_rec_best     lr      937/1120      0.8935      0.8083
[2026-04-03 19:27:22] v4_bias_rec_best     mlp     937/1120      0.8983      0.8195
[2026-04-03 19:27:33] v4_plain_best        lr      937/1120      0.8932      0.8079
[2026-04-03 19:27:57] v4_plain_best        mlp     937/1120      0.8965      0.8170
[2026-04-03 19:28:02] v4_type_pe_best      lr      937/1120      0.8946      0.8112
[2026-04-03 19:28:21] v4_type_pe_best      mlp     937/1120      0.9000      0.8251
[2026-04-03 19:28:24] random_256           lr       910/910      0.8738      0.7514
[2026-04-03 19:28:43] random_256           mlp      910/910      0.8987      0.8088
[2026-04-03 19:28:43] 
======================================================================
[2026-04-03 19:28:43] Dataset: mHSC-E500 (500 genes)
[2026-04-03 19:28:43] ======================================================================
[2026-04-03 19:28:43] Train: 1099 pairs (pos=705, neg=394)
[2026-04-03 19:28:43] Val:   156 pairs (pos=100, neg=56)
[2026-04-03 19:28:43] Test:  317 pairs (pos=203, neg=114)
[2026-04-03 19:28:43] 
Embedding            Clf     Coverage        AUROC        AUPRC
[2026-04-03 19:28:43] -----------------------------------------------------------------
[2026-04-03 19:28:43] minus                lr       457/500      0.6626      0.7534
[2026-04-03 19:28:44] minus                mlp      457/500      0.6563      0.7852
[2026-04-03 19:28:44] baseline             lr       457/500      0.6292      0.7545
[2026-04-03 19:28:44] baseline             mlp      457/500      0.7152      0.8333
[2026-04-03 19:28:44] scGPT_human          lr       457/500      0.6939      0.7926
[2026-04-03 19:28:46] scGPT_human          mlp      457/500      0.7187      0.8163
[2026-04-03 19:28:46] v4_bias_rec_best     lr       457/500      0.6168      0.7370
[2026-04-03 19:28:46] v4_bias_rec_best     mlp      457/500      0.6989      0.8175
[2026-04-03 19:28:46] v4_plain_best        lr       457/500      0.6380      0.7353
[2026-04-03 19:28:46] v4_plain_best        mlp      457/500      0.6825      0.7943
[2026-04-03 19:28:46] v4_type_pe_best      lr       457/500      0.6632      0.7583
[2026-04-03 19:28:47] v4_type_pe_best      mlp      457/500      0.7001      0.8122
[2026-04-03 19:28:47] random_256           lr       910/910      0.5597      0.6929
[2026-04-03 19:28:48] random_256           mlp      910/910      0.6146      0.7526
[2026-04-03 19:28:48] 
======================================================================
[2026-04-03 19:28:48] Dataset: mHSC-GM500 (500 genes)
[2026-04-03 19:28:48] ======================================================================
[2026-04-03 19:28:48] Train: 1807 pairs (pos=1107, neg=700)
[2026-04-03 19:28:48] Val:   258 pairs (pos=158, neg=100)
[2026-04-03 19:28:48] Test:  517 pairs (pos=317, neg=200)
[2026-04-03 19:28:48] 
Embedding            Clf     Coverage        AUROC        AUPRC
[2026-04-03 19:28:48] -----------------------------------------------------------------
[2026-04-03 19:28:48] minus                lr       449/500      0.7136      0.7691
[2026-04-03 19:28:49] minus                mlp      449/500      0.7289      0.8102
[2026-04-03 19:28:49] baseline             lr       449/500      0.7082      0.7764
[2026-04-03 19:28:49] baseline             mlp      449/500      0.7438      0.8232
[2026-04-03 19:28:49] scGPT_human          lr       449/500      0.6959      0.7387
[2026-04-03 19:28:51] scGPT_human          mlp      449/500      0.7418      0.7957
[2026-04-03 19:28:51] v4_bias_rec_best     lr       449/500      0.7293      0.7977
[2026-04-03 19:28:52] v4_bias_rec_best     mlp      449/500      0.7454      0.8161
[2026-04-03 19:28:52] v4_plain_best        lr       449/500      0.7279      0.7833
[2026-04-03 19:28:53] v4_plain_best        mlp      449/500      0.7271      0.8093
[2026-04-03 19:28:53] v4_type_pe_best      lr       449/500      0.7420      0.7996
[2026-04-03 19:28:54] v4_type_pe_best      mlp      449/500      0.7510      0.8220
[2026-04-03 19:28:54] random_256           lr       910/910      0.6790      0.7619
[2026-04-03 19:28:54] random_256           mlp      910/910      0.6516      0.7622
[2026-04-03 19:28:54] 
======================================================================
[2026-04-03 19:28:54] Dataset: mHSC-L500 (500 genes)
[2026-04-03 19:28:54] ======================================================================
[2026-04-03 19:28:54] Train: 2269 pairs (pos=1404, neg=865)
[2026-04-03 19:28:54] Val:   323 pairs (pos=200, neg=123)
[2026-04-03 19:28:54] Test:  652 pairs (pos=403, neg=249)
[2026-04-03 19:28:54] 
Embedding            Clf     Coverage        AUROC        AUPRC
[2026-04-03 19:28:54] -----------------------------------------------------------------
[2026-04-03 19:28:55] minus                lr       442/500      0.7487      0.8116
[2026-04-03 19:28:56] minus                mlp      442/500      0.7716      0.8420
[2026-04-03 19:28:57] baseline             lr       442/500      0.7397      0.8072
[2026-04-03 19:28:58] baseline             mlp      442/500      0.7434      0.8200
[2026-04-03 19:28:58] scGPT_human          lr       442/500      0.7336      0.8091
[2026-04-03 19:29:00] scGPT_human          mlp      442/500      0.7698      0.8286
[2026-04-03 19:29:00] v4_bias_rec_best     lr       442/500      0.7289      0.7922
[2026-04-03 19:29:01] v4_bias_rec_best     mlp      442/500      0.7530      0.8150
[2026-04-03 19:29:01] v4_plain_best        lr       442/500      0.7467      0.8122
[2026-04-03 19:29:03] v4_plain_best        mlp      442/500      0.7793      0.8456
[2026-04-03 19:29:03] v4_type_pe_best      lr       442/500      0.7355      0.8162
[2026-04-03 19:29:04] v4_type_pe_best      mlp      442/500      0.7661      0.8410
[2026-04-03 19:29:04] random_256           lr       910/910      0.6978      0.7965
[2026-04-03 19:29:05] random_256           mlp      910/910      0.7115      0.8031
[2026-04-03 19:29:05] 
======================================================================
[2026-04-03 19:29:05] CROSS-DATASET TRANSFER
[2026-04-03 19:29:05] ======================================================================
[2026-04-03 19:29:05] 
Transfer: train=hESC500 -> test=hHep500
[2026-04-03 19:29:05] Embedding            Clf           Coverage        AUROC        AUPRC
[2026-04-03 19:29:05] ---------------------------------------------------------------------------
[2026-04-03 19:29:06] minus                lr    848/910->487/500      1.0000      1.0000
[2026-04-03 19:29:13] minus                mlp   848/910->487/500      1.0000      1.0000
[2026-04-03 19:29:14] baseline             lr    848/910->487/500      0.0000      0.5000
[2026-04-03 19:29:21] baseline             mlp   848/910->487/500      0.0000      0.5000
[2026-04-03 19:29:24] scGPT_human          lr    848/910->487/500      0.0000      0.5000
[2026-04-03 19:29:43] scGPT_human          mlp   848/910->487/500      1.0000      1.0000
[2026-04-03 19:29:45] v4_bias_rec_best     lr    848/910->487/500      0.0000      0.5000
[2026-04-03 19:29:51] v4_bias_rec_best     mlp   848/910->487/500      0.0000      0.5000
[2026-04-03 19:29:53] v4_plain_best        lr    848/910->487/500      0.0000      0.5000
[2026-04-03 19:30:03] v4_plain_best        mlp   848/910->487/500      0.0000      0.5000
[2026-04-03 19:30:04] v4_type_pe_best      lr    848/910->487/500      1.0000      1.0000
[2026-04-03 19:30:11] v4_type_pe_best      mlp   848/910->487/500      1.0000      1.0000
[2026-04-03 19:30:11] 
Transfer: train=hESC500 -> test=mESC500
[2026-04-03 19:30:11] Embedding            Clf           Coverage        AUROC        AUPRC
[2026-04-03 19:30:11] ---------------------------------------------------------------------------
[2026-04-03 19:30:12] minus                lr    848/910->937/1120      0.6148      0.3971
[2026-04-03 19:30:19] minus                mlp   848/910->937/1120      0.5716      0.3637
[2026-04-03 19:30:21] baseline             lr    848/910->937/1120      0.6049      0.3823
[2026-04-03 19:30:28] baseline             mlp   848/910->937/1120      0.5451      0.3447
[2026-04-03 19:30:36] scGPT_human          lr    848/910->937/1120      0.5839      0.3701
[2026-04-03 19:30:56] scGPT_human          mlp   848/910->937/1120      0.4861      0.3091
[2026-04-03 19:30:57] v4_bias_rec_best     lr    848/910->937/1120      0.6001      0.3619
[2026-04-03 19:31:04] v4_bias_rec_best     mlp   848/910->937/1120      0.5413      0.3537
[2026-04-03 19:31:05] v4_plain_best        lr    848/910->937/1120      0.5803      0.3580
[2026-04-03 19:31:15] v4_plain_best        mlp   848/910->937/1120      0.5005      0.3141
[2026-04-03 19:31:17] v4_type_pe_best      lr    848/910->937/1120      0.5720      0.3572
[2026-04-03 19:31:24] v4_type_pe_best      mlp   848/910->937/1120      0.5261      0.3404
[2026-04-03 19:31:24] 
Transfer: train=hESC500 -> test=mHSC-E500
[2026-04-03 19:31:24] Embedding            Clf           Coverage        AUROC        AUPRC
[2026-04-03 19:31:24] ---------------------------------------------------------------------------
[2026-04-03 19:31:25] minus                lr    848/910->457/500      0.5554      0.6907
[2026-04-03 19:31:32] minus                mlp   848/910->457/500      0.6207      0.7331
[2026-04-03 19:31:34] baseline             lr    848/910->457/500      0.5423      0.6576
[2026-04-03 19:31:40] baseline             mlp   848/910->457/500      0.6159      0.7506
[2026-04-03 19:31:44] scGPT_human          lr    848/910->457/500      0.5957      0.7139
[2026-04-03 19:32:04] scGPT_human          mlp   848/910->457/500      0.5777      0.6973
[2026-04-03 19:32:05] v4_bias_rec_best     lr    848/910->457/500      0.6047      0.7190
[2026-04-03 19:32:12] v4_bias_rec_best     mlp   848/910->457/500      0.6008      0.7327
[2026-04-03 19:32:13] v4_plain_best        lr    848/910->457/500      0.5394      0.6845
[2026-04-03 19:32:23] v4_plain_best        mlp   848/910->457/500      0.5703      0.7021
[2026-04-03 19:32:24] v4_type_pe_best      lr    848/910->457/500      0.5452      0.6738
[2026-04-03 19:32:31] v4_type_pe_best      mlp   848/910->457/500      0.5949      0.7029
[2026-04-03 19:32:31] 
Transfer: train=hESC500 -> test=mHSC-GM500
[2026-04-03 19:32:31] Embedding            Clf           Coverage        AUROC        AUPRC
[2026-04-03 19:32:31] ---------------------------------------------------------------------------
[2026-04-03 19:32:34] minus                lr    848/910->449/500      0.4947      0.6183
[2026-04-03 19:32:40] minus                mlp   848/910->449/500      0.5230      0.6231
[2026-04-03 19:32:42] baseline             lr    848/910->449/500      0.5371      0.6269
[2026-04-03 19:32:48] baseline             mlp   848/910->449/500      0.5859      0.7015
[2026-04-03 19:32:51] scGPT_human          lr    848/910->449/500      0.5714      0.6755
[2026-04-03 19:33:10] scGPT_human          mlp   848/910->449/500      0.5584      0.6609
[2026-04-03 19:33:11] v4_bias_rec_best     lr    848/910->449/500      0.5716      0.6920
[2026-04-03 19:33:18] v4_bias_rec_best     mlp   848/910->449/500      0.5874      0.7011
[2026-04-03 19:33:19] v4_plain_best        lr    848/910->449/500      0.5575      0.6725
[2026-04-03 19:33:29] v4_plain_best        mlp   848/910->449/500      0.6047      0.7001
[2026-04-03 19:33:30] v4_type_pe_best      lr    848/910->449/500      0.5229      0.6265
[2026-04-03 19:33:37] v4_type_pe_best      mlp   848/910->449/500      0.5637      0.6689
[2026-04-03 19:33:37] 
Transfer: train=hESC500 -> test=mHSC-L500
[2026-04-03 19:33:37] Embedding            Clf           Coverage        AUROC        AUPRC
[2026-04-03 19:33:37] ---------------------------------------------------------------------------
[2026-04-03 19:33:38] minus                lr    848/910->442/500      0.4657      0.6091
[2026-04-03 19:33:44] minus                mlp   848/910->442/500      0.5074      0.6280
[2026-04-03 19:33:46] baseline             lr    848/910->442/500      0.5212      0.6252
[2026-04-03 19:33:53] baseline             mlp   848/910->442/500      0.5741      0.6806
[2026-04-03 19:33:57] scGPT_human          lr    848/910->442/500      0.5534      0.6608
[2026-04-03 19:34:23] scGPT_human          mlp   848/910->442/500      0.5645      0.6762
[2026-04-03 19:34:24] v4_bias_rec_best     lr    848/910->442/500      0.5887      0.6941
[2026-04-03 19:34:32] v4_bias_rec_best     mlp   848/910->442/500      0.5707      0.6860
[2026-04-03 19:34:34] v4_plain_best        lr    848/910->442/500      0.5560      0.6929
[2026-04-03 19:34:47] v4_plain_best        mlp   848/910->442/500      0.5583      0.6869
[2026-04-03 19:34:48] v4_type_pe_best      lr    848/910->442/500      0.4993      0.6058
[2026-04-03 19:34:57] v4_type_pe_best      mlp   848/910->442/500      0.5460      0.6459
[2026-04-03 19:34:57] 
Transfer: train=hHep500 -> test=hESC500
[2026-04-03 19:34:57] Embedding            Clf           Coverage        AUROC        AUPRC
[2026-04-03 19:34:57] ---------------------------------------------------------------------------
[2026-04-03 19:34:57] minus                lr    487/500->848/910      0.5024      0.1483
[2026-04-03 19:34:57] minus                mlp   487/500->848/910 ERROR: The test_size = 1 should be greater or equal to the number of classes = 2
[2026-04-03 19:34:57] baseline             lr    487/500->848/910      0.4915      0.1443
[2026-04-03 19:34:57] baseline             mlp   487/500->848/910 ERROR: The test_size = 1 should be greater or equal to the number of classes = 2
[2026-04-03 19:34:57] scGPT_human          lr    487/500->848/910      0.5038      0.1534
[2026-04-03 19:34:57] scGPT_human          mlp   487/500->848/910 ERROR: The test_size = 1 should be greater or equal to the number of classes = 2
[2026-04-03 19:34:57] v4_bias_rec_best     lr    487/500->848/910      0.4974      0.1501
[2026-04-03 19:34:57] v4_bias_rec_best     mlp   487/500->848/910 ERROR: The test_size = 1 should be greater or equal to the number of classes = 2
[2026-04-03 19:34:57] v4_plain_best        lr    487/500->848/910      0.5125      0.1801
[2026-04-03 19:34:57] v4_plain_best        mlp   487/500->848/910 ERROR: The test_size = 1 should be greater or equal to the number of classes = 2
[2026-04-03 19:34:57] v4_type_pe_best      lr    487/500->848/910      0.4969      0.1536
[2026-04-03 19:34:57] v4_type_pe_best      mlp   487/500->848/910 ERROR: The test_size = 1 should be greater or equal to the number of classes = 2
[2026-04-03 19:34:57] 
Transfer: train=hHep500 -> test=mESC500
[2026-04-03 19:34:57] Embedding            Clf           Coverage        AUROC        AUPRC
[2026-04-03 19:34:57] ---------------------------------------------------------------------------
[2026-04-03 19:34:58] minus                lr    487/500->937/1120      0.5117      0.3178
[2026-04-03 19:34:58] minus                mlp   487/500->937/1120 ERROR: The test_size = 1 should be greater or equal to the number of classes = 2
[2026-04-03 19:34:58] baseline             lr    487/500->937/1120      0.5020      0.3214
[2026-04-03 19:34:58] baseline             mlp   487/500->937/1120 ERROR: The test_size = 1 should be greater or equal to the number of classes = 2
[2026-04-03 19:35:00] scGPT_human          lr    487/500->937/1120      0.5034      0.3183
[2026-04-03 19:35:00] scGPT_human          mlp   487/500->937/1120 ERROR: The test_size = 1 should be greater or equal to the number of classes = 2
[2026-04-03 19:35:00] v4_bias_rec_best     lr    487/500->937/1120      0.5060      0.3145
[2026-04-03 19:35:00] v4_bias_rec_best     mlp   487/500->937/1120 ERROR: The test_size = 1 should be greater or equal to the number of classes = 2
[2026-04-03 19:35:01] v4_plain_best        lr    487/500->937/1120      0.4983      0.3107
[2026-04-03 19:35:01] v4_plain_best        mlp   487/500->937/1120 ERROR: The test_size = 1 should be greater or equal to the number of classes = 2
[2026-04-03 19:35:01] v4_type_pe_best      lr    487/500->937/1120      0.5048      0.3104
[2026-04-03 19:35:01] v4_type_pe_best      mlp   487/500->937/1120 ERROR: The test_size = 1 should be greater or equal to the number of classes = 2
[2026-04-03 19:35:01] 
Transfer: train=hHep500 -> test=mHSC-E500
[2026-04-03 19:35:01] Embedding            Clf           Coverage        AUROC        AUPRC
[2026-04-03 19:35:01] ---------------------------------------------------------------------------
[2026-04-03 19:35:01] minus                lr    487/500->457/500      0.5506      0.6846
[2026-04-03 19:35:01] minus                mlp   487/500->457/500 ERROR: The test_size = 1 should be greater or equal to the number of classes = 2
[2026-04-03 19:35:01] baseline             lr    487/500->457/500      0.5438      0.6973
[2026-04-03 19:35:01] baseline             mlp   487/500->457/500 ERROR: The test_size = 1 should be greater or equal to the number of classes = 2
[2026-04-03 19:35:01] scGPT_human          lr    487/500->457/500      0.5333      0.6851
[2026-04-03 19:35:01] scGPT_human          mlp   487/500->457/500 ERROR: The test_size = 1 should be greater or equal to the number of classes = 2
[2026-04-03 19:35:01] v4_bias_rec_best     lr    487/500->457/500      0.4976      0.6321
[2026-04-03 19:35:01] v4_bias_rec_best     mlp   487/500->457/500 ERROR: The test_size = 1 should be greater or equal to the number of classes = 2
[2026-04-03 19:35:01] v4_plain_best        lr    487/500->457/500      0.4505      0.5982
[2026-04-03 19:35:01] v4_plain_best        mlp   487/500->457/500 ERROR: The test_size = 1 should be greater or equal to the number of classes = 2
[2026-04-03 19:35:01] v4_type_pe_best      lr    487/500->457/500      0.5505      0.7117
[2026-04-03 19:35:01] v4_type_pe_best      mlp   487/500->457/500 ERROR: The test_size = 1 should be greater or equal to the number of classes = 2
[2026-04-03 19:35:01] 
Transfer: train=hHep500 -> test=mHSC-GM500
[2026-04-03 19:35:01] Embedding            Clf           Coverage        AUROC        AUPRC
[2026-04-03 19:35:01] ---------------------------------------------------------------------------
[2026-04-03 19:35:01] minus                lr    487/500->449/500      0.5402      0.6243
[2026-04-03 19:35:01] minus                mlp   487/500->449/500 ERROR: The test_size = 1 should be greater or equal to the number of classes = 2
[2026-04-03 19:35:01] baseline             lr    487/500->449/500      0.4845      0.6098
[2026-04-03 19:35:01] baseline             mlp   487/500->449/500 ERROR: The test_size = 1 should be greater or equal to the number of classes = 2
[2026-04-03 19:35:01] scGPT_human          lr    487/500->449/500      0.5873      0.7006
[2026-04-03 19:35:01] scGPT_human          mlp   487/500->449/500 ERROR: The test_size = 1 should be greater or equal to the number of classes = 2
[2026-04-03 19:35:01] v4_bias_rec_best     lr    487/500->449/500      0.5295      0.6466
[2026-04-03 19:35:01] v4_bias_rec_best     mlp   487/500->449/500 ERROR: The test_size = 1 should be greater or equal to the number of classes = 2
[2026-04-03 19:35:01] v4_plain_best        lr    487/500->449/500      0.4632      0.5818
[2026-04-03 19:35:01] v4_plain_best        mlp   487/500->449/500 ERROR: The test_size = 1 should be greater or equal to the number of classes = 2
[2026-04-03 19:35:02] v4_type_pe_best      lr    487/500->449/500      0.5060      0.6291
[2026-04-03 19:35:02] v4_type_pe_best      mlp   487/500->449/500 ERROR: The test_size = 1 should be greater or equal to the number of classes = 2
[2026-04-03 19:35:02] 
Transfer: train=hHep500 -> test=mHSC-L500
[2026-04-03 19:35:02] Embedding            Clf           Coverage        AUROC        AUPRC
[2026-04-03 19:35:02] ---------------------------------------------------------------------------
[2026-04-03 19:35:02] minus                lr    487/500->442/500      0.5037      0.6115
[2026-04-03 19:35:02] minus                mlp   487/500->442/500 ERROR: The test_size = 1 should be greater or equal to the number of classes = 2
[2026-04-03 19:35:02] baseline             lr    487/500->442/500      0.4712      0.6167
[2026-04-03 19:35:02] baseline             mlp   487/500->442/500 ERROR: The test_size = 1 should be greater or equal to the number of classes = 2
[2026-04-03 19:35:02] scGPT_human          lr    487/500->442/500      0.5215      0.6531
[2026-04-03 19:35:02] scGPT_human          mlp   487/500->442/500 ERROR: The test_size = 1 should be greater or equal to the number of classes = 2
[2026-04-03 19:35:02] v4_bias_rec_best     lr    487/500->442/500      0.4859      0.6041
[2026-04-03 19:35:02] v4_bias_rec_best     mlp   487/500->442/500 ERROR: The test_size = 1 should be greater or equal to the number of classes = 2
[2026-04-03 19:35:02] v4_plain_best        lr    487/500->442/500      0.5105      0.6257
[2026-04-03 19:35:02] v4_plain_best        mlp   487/500->442/500 ERROR: The test_size = 1 should be greater or equal to the number of classes = 2
[2026-04-03 19:35:02] v4_type_pe_best      lr    487/500->442/500      0.4932      0.6242
[2026-04-03 19:35:02] v4_type_pe_best      mlp   487/500->442/500 ERROR: The test_size = 1 should be greater or equal to the number of classes = 2
[2026-04-03 19:35:02] 
Transfer: train=mESC500 -> test=hESC500
[2026-04-03 19:35:02] Embedding            Clf           Coverage        AUROC        AUPRC
[2026-04-03 19:35:02] ---------------------------------------------------------------------------
[2026-04-03 19:35:11] minus                lr    937/1120->848/910      0.5682      0.1839
[2026-04-03 19:35:38] minus                mlp   937/1120->848/910      0.6201      0.2131
[2026-04-03 19:35:44] baseline             lr    937/1120->848/910      0.5013      0.1592
[2026-04-03 19:36:14] baseline             mlp   937/1120->848/910      0.5909      0.1913
[2026-04-03 19:36:32] scGPT_human          lr    937/1120->848/910      0.5097      0.1537
[2026-04-03 19:37:24] scGPT_human          mlp   937/1120->848/910      0.5803      0.1933
[2026-04-03 19:37:29] v4_bias_rec_best     lr    937/1120->848/910      0.4549      0.1271
[2026-04-03 19:37:54] v4_bias_rec_best     mlp   937/1120->848/910      0.5592      0.1892
[2026-04-03 19:37:58] v4_plain_best        lr    937/1120->848/910      0.4867      0.1629
[2026-04-03 19:38:25] v4_plain_best        mlp   937/1120->848/910      0.5077      0.1789
[2026-04-03 19:38:28] v4_type_pe_best      lr    937/1120->848/910      0.6196      0.2059
[2026-04-03 19:38:52] v4_type_pe_best      mlp   937/1120->848/910      0.6111      0.2167
[2026-04-03 19:38:52] 
Transfer: train=mESC500 -> test=hHep500
[2026-04-03 19:38:52] Embedding            Clf           Coverage        AUROC        AUPRC
[2026-04-03 19:38:52] ---------------------------------------------------------------------------
[2026-04-03 19:38:56] minus                lr    937/1120->487/500      0.0000      0.5000
[2026-04-03 19:39:19] minus                mlp   937/1120->487/500      0.0000      0.5000
[2026-04-03 19:39:23] baseline             lr    937/1120->487/500      0.0000      0.5000
[2026-04-03 19:39:47] baseline             mlp   937/1120->487/500      0.0000      0.5000
[2026-04-03 19:40:00] scGPT_human          lr    937/1120->487/500      1.0000      1.0000
[2026-04-03 19:40:48] scGPT_human          mlp   937/1120->487/500      1.0000      1.0000
[2026-04-03 19:40:53] v4_bias_rec_best     lr    937/1120->487/500      1.0000      1.0000
[2026-04-03 19:41:21] v4_bias_rec_best     mlp   937/1120->487/500      0.0000      0.5000
[2026-04-03 19:41:25] v4_plain_best        lr    937/1120->487/500      1.0000      1.0000
[2026-04-03 19:41:46] v4_plain_best        mlp   937/1120->487/500      0.0000      0.5000
[2026-04-03 19:41:51] v4_type_pe_best      lr    937/1120->487/500      1.0000      1.0000
[2026-04-03 19:42:10] v4_type_pe_best      mlp   937/1120->487/500      1.0000      1.0000
[2026-04-03 19:42:10] 
Transfer: train=mESC500 -> test=mHSC-E500
[2026-04-03 19:42:10] Embedding            Clf           Coverage        AUROC        AUPRC
[2026-04-03 19:42:10] ---------------------------------------------------------------------------
[2026-04-03 19:42:13] minus                lr    937/1120->457/500      0.4301      0.6096
[2026-04-03 19:42:32] minus                mlp   937/1120->457/500      0.4280      0.6043
[2026-04-03 19:42:35] baseline             lr    937/1120->457/500      0.4149      0.5773
[2026-04-03 19:42:54] baseline             mlp   937/1120->457/500      0.3765      0.5889
[2026-04-03 19:43:01] scGPT_human          lr    937/1120->457/500      0.3963      0.5924
[2026-04-03 19:43:38] scGPT_human          mlp   937/1120->457/500      0.4207      0.6101
[2026-04-03 19:43:41] v4_bias_rec_best     lr    937/1120->457/500      0.3873      0.5790
[2026-04-03 19:44:01] v4_bias_rec_best     mlp   937/1120->457/500      0.3609      0.5607
[2026-04-03 19:44:03] v4_plain_best        lr    937/1120->457/500      0.3768      0.5880
[2026-04-03 19:44:23] v4_plain_best        mlp   937/1120->457/500      0.4018      0.5908
[2026-04-03 19:44:25] v4_type_pe_best      lr    937/1120->457/500      0.4195      0.5890
[2026-04-03 19:44:45] v4_type_pe_best      mlp   937/1120->457/500      0.3726      0.5665
[2026-04-03 19:44:45] 
Transfer: train=mESC500 -> test=mHSC-GM500
[2026-04-03 19:44:45] Embedding            Clf           Coverage        AUROC        AUPRC
[2026-04-03 19:44:45] ---------------------------------------------------------------------------
[2026-04-03 19:44:48] minus                lr    937/1120->449/500      0.4621      0.6136
[2026-04-03 19:45:08] minus                mlp   937/1120->449/500      0.4477      0.6183
[2026-04-03 19:45:11] baseline             lr    937/1120->449/500      0.4517      0.5760
[2026-04-03 19:45:31] baseline             mlp   937/1120->449/500      0.4328      0.5815
[2026-04-03 19:45:37] scGPT_human          lr    937/1120->449/500      0.4040      0.5644
[2026-04-03 19:46:13] scGPT_human          mlp   937/1120->449/500      0.4179      0.5753
[2026-04-03 19:46:18] v4_bias_rec_best     lr    937/1120->449/500      0.4408      0.5851
[2026-04-03 19:46:37] v4_bias_rec_best     mlp   937/1120->449/500      0.4554      0.6278
[2026-04-03 19:46:40] v4_plain_best        lr    937/1120->449/500      0.4052      0.5515
[2026-04-03 19:47:00] v4_plain_best        mlp   937/1120->449/500      0.4479      0.5803
[2026-04-03 19:47:02] v4_type_pe_best      lr    937/1120->449/500      0.4312      0.5642
[2026-04-03 19:47:22] v4_type_pe_best      mlp   937/1120->449/500      0.4101      0.5728
[2026-04-03 19:47:22] 
Transfer: train=mESC500 -> test=mHSC-L500
[2026-04-03 19:47:22] Embedding            Clf           Coverage        AUROC        AUPRC
[2026-04-03 19:47:22] ---------------------------------------------------------------------------
[2026-04-03 19:47:31] minus                lr    937/1120->442/500      0.4349      0.5962
[2026-04-03 19:47:50] minus                mlp   937/1120->442/500      0.4325      0.5845
[2026-04-03 19:47:54] baseline             lr    937/1120->442/500      0.5131      0.6453
[2026-04-03 19:48:13] baseline             mlp   937/1120->442/500      0.4560      0.6034
[2026-04-03 19:48:18] scGPT_human          lr    937/1120->442/500      0.4190      0.5841
[2026-04-03 19:48:53] scGPT_human          mlp   937/1120->442/500      0.4379      0.6024
[2026-04-03 19:48:57] v4_bias_rec_best     lr    937/1120->442/500      0.4573      0.6103
[2026-04-03 19:49:15] v4_bias_rec_best     mlp   937/1120->442/500      0.4495      0.6181
[2026-04-03 19:49:17] v4_plain_best        lr    937/1120->442/500      0.4279      0.6034
[2026-04-03 19:49:42] v4_plain_best        mlp   937/1120->442/500      0.4577      0.5936
[2026-04-03 19:49:46] v4_type_pe_best      lr    937/1120->442/500      0.4112      0.5760
[2026-04-03 19:50:14] v4_type_pe_best      mlp   937/1120->442/500      0.4580      0.6094
[2026-04-03 19:50:14] 
Transfer: train=mHSC-E500 -> test=hESC500
[2026-04-03 19:50:14] Embedding            Clf           Coverage        AUROC        AUPRC
[2026-04-03 19:50:14] ---------------------------------------------------------------------------
[2026-04-03 19:50:14] minus                lr    457/500->848/910      0.5260      0.1640
[2026-04-03 19:50:14] minus                mlp   457/500->848/910      0.4811      0.1384
[2026-04-03 19:50:15] baseline             lr    457/500->848/910      0.5196      0.1610
[2026-04-03 19:50:15] baseline             mlp   457/500->848/910      0.5330      0.1639
[2026-04-03 19:50:16] scGPT_human          lr    457/500->848/910      0.5150      0.1612
[2026-04-03 19:50:18] scGPT_human          mlp   457/500->848/910      0.5448      0.1817
[2026-04-03 19:50:18] v4_bias_rec_best     lr    457/500->848/910      0.5141      0.1552
[2026-04-03 19:50:18] v4_bias_rec_best     mlp   457/500->848/910      0.5502      0.1775
[2026-04-03 19:50:19] v4_plain_best        lr    457/500->848/910      0.5014      0.1490
[2026-04-03 19:50:19] v4_plain_best        mlp   457/500->848/910      0.4917      0.1452
[2026-04-03 19:50:19] v4_type_pe_best      lr    457/500->848/910      0.4988      0.1525
[2026-04-03 19:50:21] v4_type_pe_best      mlp   457/500->848/910      0.5333      0.1641
[2026-04-03 19:50:21] 
Transfer: train=mHSC-E500 -> test=hHep500
[2026-04-03 19:50:21] Embedding            Clf           Coverage        AUROC        AUPRC
[2026-04-03 19:50:21] ---------------------------------------------------------------------------
[2026-04-03 19:50:21] minus                lr    457/500->487/500      1.0000      1.0000
[2026-04-03 19:50:21] minus                mlp   457/500->487/500      1.0000      1.0000
[2026-04-03 19:50:21] baseline             lr    457/500->487/500      1.0000      1.0000
[2026-04-03 19:50:22] baseline             mlp   457/500->487/500      1.0000      1.0000
[2026-04-03 19:50:22] scGPT_human          lr    457/500->487/500      0.0000      0.5000
[2026-04-03 19:50:24] scGPT_human          mlp   457/500->487/500      0.0000      0.5000
[2026-04-03 19:50:24] v4_bias_rec_best     lr    457/500->487/500      1.0000      1.0000
[2026-04-03 19:50:25] v4_bias_rec_best     mlp   457/500->487/500      1.0000      1.0000
[2026-04-03 19:50:25] v4_plain_best        lr    457/500->487/500      0.0000      0.5000
[2026-04-03 19:50:25] v4_plain_best        mlp   457/500->487/500      0.0000      0.5000
[2026-04-03 19:50:25] v4_type_pe_best      lr    457/500->487/500      0.0000      0.5000
[2026-04-03 19:50:26] v4_type_pe_best      mlp   457/500->487/500      1.0000      1.0000
[2026-04-03 19:50:26] 
Transfer: train=mHSC-E500 -> test=mESC500
[2026-04-03 19:50:26] Embedding            Clf           Coverage        AUROC        AUPRC
[2026-04-03 19:50:26] ---------------------------------------------------------------------------
[2026-04-03 19:50:27] minus                lr    457/500->937/1120      0.5156      0.3310
[2026-04-03 19:50:28] minus                mlp   457/500->937/1120      0.5170      0.3124
[2026-04-03 19:50:29] baseline             lr    457/500->937/1120      0.4991      0.3136
[2026-04-03 19:50:30] baseline             mlp   457/500->937/1120      0.5451      0.3280
[2026-04-03 19:50:31] scGPT_human          lr    457/500->937/1120      0.5194      0.3210
[2026-04-03 19:50:33] scGPT_human          mlp   457/500->937/1120      0.5152      0.3141
[2026-04-03 19:50:33] v4_bias_rec_best     lr    457/500->937/1120      0.5212      0.3243
[2026-04-03 19:50:34] v4_bias_rec_best     mlp   457/500->937/1120      0.4998      0.2982
[2026-04-03 19:50:35] v4_plain_best        lr    457/500->937/1120      0.5050      0.3099
[2026-04-03 19:50:36] v4_plain_best        mlp   457/500->937/1120      0.5073      0.3048
[2026-04-03 19:50:36] v4_type_pe_best      lr    457/500->937/1120      0.5027      0.3191
[2026-04-03 19:50:37] v4_type_pe_best      mlp   457/500->937/1120      0.5314      0.3282
[2026-04-03 19:50:37] 
Transfer: train=mHSC-E500 -> test=mHSC-GM500
[2026-04-03 19:50:37] Embedding            Clf           Coverage        AUROC        AUPRC
[2026-04-03 19:50:37] ---------------------------------------------------------------------------
[2026-04-03 19:50:38] minus                lr    457/500->449/500      0.6229      0.6946
[2026-04-03 19:50:38] minus                mlp   457/500->449/500      0.6446      0.7481
[2026-04-03 19:50:38] baseline             lr    457/500->449/500      0.6585      0.7516
[2026-04-03 19:50:39] baseline             mlp   457/500->449/500      0.7016      0.8069
[2026-04-03 19:50:39] scGPT_human          lr    457/500->449/500      0.6386      0.7273
[2026-04-03 19:50:41] scGPT_human          mlp   457/500->449/500      0.6940      0.7957
[2026-04-03 19:50:41] v4_bias_rec_best     lr    457/500->449/500      0.5646      0.6543
[2026-04-03 19:50:41] v4_bias_rec_best     mlp   457/500->449/500      0.6564      0.7838
[2026-04-03 19:50:41] v4_plain_best        lr    457/500->449/500      0.6379      0.7150
[2026-04-03 19:50:42] v4_plain_best        mlp   457/500->449/500      0.6363      0.7619
[2026-04-03 19:50:42] v4_type_pe_best      lr    457/500->449/500      0.6153      0.6998
[2026-04-03 19:50:43] v4_type_pe_best      mlp   457/500->449/500      0.6910      0.7898
[2026-04-03 19:50:43] 
Transfer: train=mHSC-E500 -> test=mHSC-L500
[2026-04-03 19:50:43] Embedding            Clf           Coverage        AUROC        AUPRC
[2026-04-03 19:50:43] ---------------------------------------------------------------------------
[2026-04-03 19:50:44] minus                lr    457/500->442/500      0.5924      0.6721
[2026-04-03 19:50:44] minus                mlp   457/500->442/500      0.6271      0.7386
[2026-04-03 19:50:44] baseline             lr    457/500->442/500      0.5784      0.6558
[2026-04-03 19:50:45] baseline             mlp   457/500->442/500      0.6814      0.7791
[2026-04-03 19:50:45] scGPT_human          lr    457/500->442/500      0.6535      0.7380
[2026-04-03 19:50:47] scGPT_human          mlp   457/500->442/500      0.6884      0.7842
[2026-04-03 19:50:47] v4_bias_rec_best     lr    457/500->442/500      0.5671      0.6604
[2026-04-03 19:50:47] v4_bias_rec_best     mlp   457/500->442/500      0.6477      0.7613
[2026-04-03 19:50:47] v4_plain_best        lr    457/500->442/500      0.6104      0.6829
[2026-04-03 19:50:48] v4_plain_best        mlp   457/500->442/500      0.6491      0.7670
[2026-04-03 19:50:48] v4_type_pe_best      lr    457/500->442/500      0.6078      0.6764
[2026-04-03 19:50:49] v4_type_pe_best      mlp   457/500->442/500      0.6868      0.7853
[2026-04-03 19:50:49] 
Transfer: train=mHSC-GM500 -> test=hESC500
[2026-04-03 19:50:49] Embedding            Clf           Coverage        AUROC        AUPRC
[2026-04-03 19:50:49] ---------------------------------------------------------------------------
[2026-04-03 19:50:50] minus                lr    449/500->848/910      0.5225      0.1638
[2026-04-03 19:50:51] minus                mlp   449/500->848/910      0.4679      0.1389
[2026-04-03 19:50:51] baseline             lr    449/500->848/910      0.5165      0.1543
[2026-04-03 19:50:52] baseline             mlp   449/500->848/910      0.5606      0.1769
[2026-04-03 19:50:56] scGPT_human          lr    449/500->848/910      0.5108      0.1597
[2026-04-03 19:50:59] scGPT_human          mlp   449/500->848/910      0.5533      0.1702
[2026-04-03 19:51:00] v4_bias_rec_best     lr    449/500->848/910      0.5467      0.1755
[2026-04-03 19:51:01] v4_bias_rec_best     mlp   449/500->848/910      0.5455      0.1797
[2026-04-03 19:51:02] v4_plain_best        lr    449/500->848/910      0.4988      0.1475
[2026-04-03 19:51:03] v4_plain_best        mlp   449/500->848/910      0.5328      0.1533
[2026-04-03 19:51:03] v4_type_pe_best      lr    449/500->848/910      0.5259      0.1637
[2026-04-03 19:51:05] v4_type_pe_best      mlp   449/500->848/910      0.6058      0.2112
[2026-04-03 19:51:05] 
Transfer: train=mHSC-GM500 -> test=hHep500
[2026-04-03 19:51:05] Embedding            Clf           Coverage        AUROC        AUPRC
[2026-04-03 19:51:05] ---------------------------------------------------------------------------
[2026-04-03 19:51:05] minus                lr    449/500->487/500      0.0000      0.5000
[2026-04-03 19:51:06] minus                mlp   449/500->487/500      0.0000      0.5000
[2026-04-03 19:51:06] baseline             lr    449/500->487/500      1.0000      1.0000
[2026-04-03 19:51:07] baseline             mlp   449/500->487/500      1.0000      1.0000
[2026-04-03 19:51:07] scGPT_human          lr    449/500->487/500      1.0000      1.0000
[2026-04-03 19:51:10] scGPT_human          mlp   449/500->487/500      1.0000      1.0000
[2026-04-03 19:51:10] v4_bias_rec_best     lr    449/500->487/500      1.0000      1.0000
[2026-04-03 19:51:12] v4_bias_rec_best     mlp   449/500->487/500      1.0000      1.0000
[2026-04-03 19:51:12] v4_plain_best        lr    449/500->487/500      1.0000      1.0000
[2026-04-03 19:51:13] v4_plain_best        mlp   449/500->487/500      1.0000      1.0000
[2026-04-03 19:51:13] v4_type_pe_best      lr    449/500->487/500      0.0000      0.5000
[2026-04-03 19:51:14] v4_type_pe_best      mlp   449/500->487/500      1.0000      1.0000
[2026-04-03 19:51:14] 
Transfer: train=mHSC-GM500 -> test=mESC500
[2026-04-03 19:51:14] Embedding            Clf           Coverage        AUROC        AUPRC
[2026-04-03 19:51:14] ---------------------------------------------------------------------------
[2026-04-03 19:51:15] minus                lr    449/500->937/1120      0.5005      0.3128
[2026-04-03 19:51:16] minus                mlp   449/500->937/1120      0.5045      0.3045
[2026-04-03 19:51:18] baseline             lr    449/500->937/1120      0.5223      0.3311
[2026-04-03 19:51:19] baseline             mlp   449/500->937/1120      0.5454      0.3237
[2026-04-03 19:51:29] scGPT_human          lr    449/500->937/1120      0.5101      0.3214
[2026-04-03 19:51:32] scGPT_human          mlp   449/500->937/1120      0.5165      0.3189
[2026-04-03 19:51:33] v4_bias_rec_best     lr    449/500->937/1120      0.5127      0.3207
[2026-04-03 19:51:34] v4_bias_rec_best     mlp   449/500->937/1120      0.5298      0.3226
[2026-04-03 19:51:35] v4_plain_best        lr    449/500->937/1120      0.5209      0.3296
[2026-04-03 19:51:36] v4_plain_best        mlp   449/500->937/1120      0.5042      0.3033
[2026-04-03 19:51:37] v4_type_pe_best      lr    449/500->937/1120      0.5190      0.3297
[2026-04-03 19:51:38] v4_type_pe_best      mlp   449/500->937/1120      0.5281      0.3212
[2026-04-03 19:51:38] 
Transfer: train=mHSC-GM500 -> test=mHSC-E500
[2026-04-03 19:51:38] Embedding            Clf           Coverage        AUROC        AUPRC
[2026-04-03 19:51:38] ---------------------------------------------------------------------------
[2026-04-03 19:51:38] minus                lr    449/500->457/500      0.6894      0.7805
[2026-04-03 19:51:39] minus                mlp   449/500->457/500      0.7373      0.8259
[2026-04-03 19:51:39] baseline             lr    449/500->457/500      0.6739      0.7693
[2026-04-03 19:51:40] baseline             mlp   449/500->457/500      0.7495      0.8310
[2026-04-03 19:51:40] scGPT_human          lr    449/500->457/500      0.6164      0.7136
[2026-04-03 19:51:43] scGPT_human          mlp   449/500->457/500      0.7367      0.8287
[2026-04-03 19:51:43] v4_bias_rec_best     lr    449/500->457/500      0.6553      0.7534
[2026-04-03 19:51:45] v4_bias_rec_best     mlp   449/500->457/500      0.7616      0.8430
[2026-04-03 19:51:45] v4_plain_best        lr    449/500->457/500      0.6639      0.7382
[2026-04-03 19:51:46] v4_plain_best        mlp   449/500->457/500      0.7082      0.7965
[2026-04-03 19:51:46] v4_type_pe_best      lr    449/500->457/500      0.5951      0.6775
[2026-04-03 19:51:47] v4_type_pe_best      mlp   449/500->457/500      0.7259      0.8324
[2026-04-03 19:51:47] 
Transfer: train=mHSC-GM500 -> test=mHSC-L500
[2026-04-03 19:51:47] Embedding            Clf           Coverage        AUROC        AUPRC
[2026-04-03 19:51:47] ---------------------------------------------------------------------------
[2026-04-03 19:51:47] minus                lr    449/500->442/500      0.7135      0.7837
[2026-04-03 19:51:48] minus                mlp   449/500->442/500      0.8188      0.8742
[2026-04-03 19:51:48] baseline             lr    449/500->442/500      0.7363      0.7869
[2026-04-03 19:51:49] baseline             mlp   449/500->442/500      0.7749      0.8398
[2026-04-03 19:51:50] scGPT_human          lr    449/500->442/500      0.7534      0.7894
[2026-04-03 19:51:52] scGPT_human          mlp   449/500->442/500      0.8240      0.8682
[2026-04-03 19:51:52] v4_bias_rec_best     lr    449/500->442/500      0.6988      0.7629
[2026-04-03 19:51:54] v4_bias_rec_best     mlp   449/500->442/500      0.8060      0.8634
[2026-04-03 19:51:54] v4_plain_best        lr    449/500->442/500      0.7470      0.8024
[2026-04-03 19:51:55] v4_plain_best        mlp   449/500->442/500      0.8034      0.8632
[2026-04-03 19:51:55] v4_type_pe_best      lr    449/500->442/500      0.7295      0.7888
[2026-04-03 19:51:56] v4_type_pe_best      mlp   449/500->442/500      0.7941      0.8640
[2026-04-03 19:51:56] 
Transfer: train=mHSC-L500 -> test=hESC500
[2026-04-03 19:51:56] Embedding            Clf           Coverage        AUROC        AUPRC
[2026-04-03 19:51:56] ---------------------------------------------------------------------------
[2026-04-03 19:51:56] minus                lr    442/500->848/910      0.5304      0.1674
[2026-04-03 19:51:59] minus                mlp   442/500->848/910      0.5243      0.1609
[2026-04-03 19:51:59] baseline             lr    442/500->848/910      0.5320      0.1674
[2026-04-03 19:52:00] baseline             mlp   442/500->848/910      0.5719      0.1813
[2026-04-03 19:52:01] scGPT_human          lr    442/500->848/910      0.5214      0.1620
[2026-04-03 19:52:04] scGPT_human          mlp   442/500->848/910      0.5293      0.1622
[2026-04-03 19:52:04] v4_bias_rec_best     lr    442/500->848/910      0.5408      0.1621
[2026-04-03 19:52:06] v4_bias_rec_best     mlp   442/500->848/910      0.5264      0.1629
[2026-04-03 19:52:06] v4_plain_best        lr    442/500->848/910      0.5098      0.1576
[2026-04-03 19:52:08] v4_plain_best        mlp   442/500->848/910      0.5416      0.1673
[2026-04-03 19:52:08] v4_type_pe_best      lr    442/500->848/910      0.5157      0.1559
[2026-04-03 19:52:10] v4_type_pe_best      mlp   442/500->848/910      0.5282      0.1612
[2026-04-03 19:52:10] 
Transfer: train=mHSC-L500 -> test=hHep500
[2026-04-03 19:52:10] Embedding            Clf           Coverage        AUROC        AUPRC
[2026-04-03 19:52:10] ---------------------------------------------------------------------------
[2026-04-03 19:52:10] minus                lr    442/500->487/500      0.0000      0.5000
[2026-04-03 19:52:12] minus                mlp   442/500->487/500      1.0000      1.0000
[2026-04-03 19:52:12] baseline             lr    442/500->487/500      1.0000      1.0000
[2026-04-03 19:52:14] baseline             mlp   442/500->487/500      1.0000      1.0000
[2026-04-03 19:52:14] scGPT_human          lr    442/500->487/500      0.0000      0.5000
[2026-04-03 19:52:17] scGPT_human          mlp   442/500->487/500      0.0000      0.5000
[2026-04-03 19:52:17] v4_bias_rec_best     lr    442/500->487/500      1.0000      1.0000
[2026-04-03 19:52:19] v4_bias_rec_best     mlp   442/500->487/500      1.0000      1.0000
[2026-04-03 19:52:19] v4_plain_best        lr    442/500->487/500      0.0000      0.5000
[2026-04-03 19:52:21] v4_plain_best        mlp   442/500->487/500      1.0000      1.0000
[2026-04-03 19:52:21] v4_type_pe_best      lr    442/500->487/500      1.0000      1.0000
[2026-04-03 19:52:23] v4_type_pe_best      mlp   442/500->487/500      1.0000      1.0000
[2026-04-03 19:52:23] 
Transfer: train=mHSC-L500 -> test=mESC500
[2026-04-03 19:52:23] Embedding            Clf           Coverage        AUROC        AUPRC
[2026-04-03 19:52:23] ---------------------------------------------------------------------------
[2026-04-03 19:52:23] minus                lr    442/500->937/1120      0.5065      0.3172
[2026-04-03 19:52:26] minus                mlp   442/500->937/1120      0.5294      0.3300
[2026-04-03 19:52:27] baseline             lr    442/500->937/1120      0.5354      0.3390
[2026-04-03 19:52:28] baseline             mlp   442/500->937/1120      0.5497      0.3355
[2026-04-03 19:52:30] scGPT_human          lr    442/500->937/1120      0.5031      0.3178
[2026-04-03 19:52:33] scGPT_human          mlp   442/500->937/1120      0.5095      0.3130
[2026-04-03 19:52:33] v4_bias_rec_best     lr    442/500->937/1120      0.5256      0.3339
[2026-04-03 19:52:35] v4_bias_rec_best     mlp   442/500->937/1120      0.5447      0.3417
[2026-04-03 19:52:36] v4_plain_best        lr    442/500->937/1120      0.5236      0.3293
[2026-04-03 19:52:38] v4_plain_best        mlp   442/500->937/1120      0.5104      0.3158
[2026-04-03 19:52:38] v4_type_pe_best      lr    442/500->937/1120      0.5362      0.3447
[2026-04-03 19:52:40] v4_type_pe_best      mlp   442/500->937/1120      0.5355      0.3365
[2026-04-03 19:52:40] 
Transfer: train=mHSC-L500 -> test=mHSC-E500
[2026-04-03 19:52:40] Embedding            Clf           Coverage        AUROC        AUPRC
[2026-04-03 19:52:40] ---------------------------------------------------------------------------
[2026-04-03 19:52:40] minus                lr    442/500->457/500      0.6689      0.7603
[2026-04-03 19:52:43] minus                mlp   442/500->457/500      0.7345      0.8188
[2026-04-03 19:52:43] baseline             lr    442/500->457/500      0.6791      0.7850
[2026-04-03 19:52:44] baseline             mlp   442/500->457/500      0.7475      0.8292
[2026-04-03 19:52:45] scGPT_human          lr    442/500->457/500      0.6313      0.7273
[2026-04-03 19:52:47] scGPT_human          mlp   442/500->457/500      0.7292      0.8188
[2026-04-03 19:52:48] v4_bias_rec_best     lr    442/500->457/500      0.6566      0.7495
[2026-04-03 19:52:49] v4_bias_rec_best     mlp   442/500->457/500      0.6980      0.7816
[2026-04-03 19:52:50] v4_plain_best        lr    442/500->457/500      0.6058      0.6974
[2026-04-03 19:52:51] v4_plain_best        mlp   442/500->457/500      0.7203      0.8125
[2026-04-03 19:52:52] v4_type_pe_best      lr    442/500->457/500      0.6045      0.7088
[2026-04-03 19:52:53] v4_type_pe_best      mlp   442/500->457/500      0.7450      0.8247
[2026-04-03 19:52:53] 
Transfer: train=mHSC-L500 -> test=mHSC-GM500
[2026-04-03 19:52:53] Embedding            Clf           Coverage        AUROC        AUPRC
[2026-04-03 19:52:53] ---------------------------------------------------------------------------
[2026-04-03 19:52:54] minus                lr    442/500->449/500      0.7600      0.8106
[2026-04-03 19:52:57] minus                mlp   442/500->449/500      0.8460      0.8753
[2026-04-03 19:52:57] baseline             lr    442/500->449/500      0.7655      0.8150
[2026-04-03 19:52:59] baseline             mlp   442/500->449/500      0.8698      0.9041
[2026-04-03 19:52:59] scGPT_human          lr    442/500->449/500      0.8212      0.8515
[2026-04-03 19:53:02] scGPT_human          mlp   442/500->449/500      0.8955      0.9303
[2026-04-03 19:53:02] v4_bias_rec_best     lr    442/500->449/500      0.7618      0.8105
[2026-04-03 19:53:04] v4_bias_rec_best     mlp   442/500->449/500      0.8822      0.9154
[2026-04-03 19:53:05] v4_plain_best        lr    442/500->449/500      0.7667      0.8014
[2026-04-03 19:53:07] v4_plain_best        mlp   442/500->449/500      0.8862      0.9086
[2026-04-03 19:53:07] v4_type_pe_best      lr    442/500->449/500      0.7797      0.8150
[2026-04-03 19:53:08] v4_type_pe_best      mlp   442/500->449/500      0.8577      0.8948
[2026-04-03 19:53:08] 
======================================================================
[2026-04-03 19:53:08] SUMMARY
[2026-04-03 19:53:08] ======================================================================
[2026-04-03 19:53:08] 
--- hESC500 ---
[2026-04-03 19:53:08] Embedding            Clf     Coverage        AUROC        AUPRC
[2026-04-03 19:53:08] -----------------------------------------------------------------
[2026-04-03 19:53:08] minus                lr       848/910      0.8569      0.5577
[2026-04-03 19:53:08] minus                mlp      848/910      0.8563      0.5574
[2026-04-03 19:53:08] baseline             lr       848/910      0.8670      0.5829
[2026-04-03 19:53:08] baseline             mlp      848/910      0.8562      0.5565
[2026-04-03 19:53:08] scGPT_human          lr       848/910      0.8636      0.5790
[2026-04-03 19:53:08] scGPT_human          mlp      848/910      0.8481      0.5367
[2026-04-03 19:53:08] v4_bias_rec_best     lr       848/910      0.8638      0.5668
[2026-04-03 19:53:08] v4_bias_rec_best     mlp      848/910      0.8612      0.5591
[2026-04-03 19:53:08] v4_plain_best        lr       848/910      0.8635      0.5767
[2026-04-03 19:53:08] v4_plain_best        mlp      848/910      0.8475      0.5491
[2026-04-03 19:53:08] v4_type_pe_best      lr       848/910      0.8600      0.5554
[2026-04-03 19:53:08] v4_type_pe_best      mlp      848/910      0.8559      0.5581
[2026-04-03 19:53:08] random_256           lr       910/910      0.8533      0.5255
[2026-04-03 19:53:08] random_256           mlp      910/910      0.8534      0.5301
[2026-04-03 19:53:08] 
--- hHep500 ---
[2026-04-03 19:53:08] Embedding            Clf     Coverage        AUROC        AUPRC
[2026-04-03 19:53:08] -----------------------------------------------------------------
[2026-04-03 19:53:08] minus                lr       487/500      0.0000      0.5000
[2026-04-03 19:53:08] baseline             lr       487/500      1.0000      1.0000
[2026-04-03 19:53:08] scGPT_human          lr       487/500      1.0000      1.0000
[2026-04-03 19:53:08] v4_bias_rec_best     lr       487/500      1.0000      1.0000
[2026-04-03 19:53:08] v4_plain_best        lr       487/500      1.0000      1.0000
[2026-04-03 19:53:08] v4_type_pe_best      lr       487/500      0.0000      0.5000
[2026-04-03 19:53:08] random_256           lr       500/500      1.0000      1.0000
[2026-04-03 19:53:08] 
--- mESC500 ---
[2026-04-03 19:53:08] Embedding            Clf     Coverage        AUROC        AUPRC
[2026-04-03 19:53:08] -----------------------------------------------------------------
[2026-04-03 19:53:08] minus                lr      937/1120      0.8938      0.8094
[2026-04-03 19:53:08] minus                mlp     937/1120      0.8980      0.8189
[2026-04-03 19:53:08] baseline             lr      937/1120      0.8932      0.8068
[2026-04-03 19:53:08] baseline             mlp     937/1120      0.8988      0.8197
[2026-04-03 19:53:08] scGPT_human          lr      937/1120      0.8976      0.8174
[2026-04-03 19:53:08] scGPT_human          mlp     937/1120      0.9000      0.8224
[2026-04-03 19:53:08] v4_bias_rec_best     lr      937/1120      0.8935      0.8083
[2026-04-03 19:53:08] v4_bias_rec_best     mlp     937/1120      0.8983      0.8195
[2026-04-03 19:53:08] v4_plain_best        lr      937/1120      0.8932      0.8079
[2026-04-03 19:53:08] v4_plain_best        mlp     937/1120      0.8965      0.8170
[2026-04-03 19:53:08] v4_type_pe_best      lr      937/1120      0.8946      0.8112
[2026-04-03 19:53:08] v4_type_pe_best      mlp     937/1120      0.9000      0.8251
[2026-04-03 19:53:08] random_256           lr     1120/1120      0.8738      0.7514
[2026-04-03 19:53:08] random_256           mlp    1120/1120      0.8987      0.8088
[2026-04-03 19:53:08] 
--- mHSC-E500 ---
[2026-04-03 19:53:08] Embedding            Clf     Coverage        AUROC        AUPRC
[2026-04-03 19:53:08] -----------------------------------------------------------------
[2026-04-03 19:53:08] minus                lr       457/500      0.6626      0.7534
[2026-04-03 19:53:08] minus                mlp      457/500      0.6563      0.7852
[2026-04-03 19:53:08] baseline             lr       457/500      0.6292      0.7545
[2026-04-03 19:53:08] baseline             mlp      457/500      0.7152      0.8333
[2026-04-03 19:53:08] scGPT_human          lr       457/500      0.6939      0.7926
[2026-04-03 19:53:08] scGPT_human          mlp      457/500      0.7187      0.8163
[2026-04-03 19:53:08] v4_bias_rec_best     lr       457/500      0.6168      0.7370
[2026-04-03 19:53:08] v4_bias_rec_best     mlp      457/500      0.6989      0.8175
[2026-04-03 19:53:08] v4_plain_best        lr       457/500      0.6380      0.7353
[2026-04-03 19:53:08] v4_plain_best        mlp      457/500      0.6825      0.7943
[2026-04-03 19:53:08] v4_type_pe_best      lr       457/500      0.6632      0.7583
[2026-04-03 19:53:08] v4_type_pe_best      mlp      457/500      0.7001      0.8122
[2026-04-03 19:53:08] random_256           lr       500/500      0.5597      0.6929
[2026-04-03 19:53:08] random_256           mlp      500/500      0.6146      0.7526
[2026-04-03 19:53:08] 
--- mHSC-GM500 ---
[2026-04-03 19:53:08] Embedding            Clf     Coverage        AUROC        AUPRC
[2026-04-03 19:53:08] -----------------------------------------------------------------
[2026-04-03 19:53:08] minus                lr       449/500      0.7136      0.7691
[2026-04-03 19:53:08] minus                mlp      449/500      0.7289      0.8102
[2026-04-03 19:53:08] baseline             lr       449/500      0.7082      0.7764
[2026-04-03 19:53:08] baseline             mlp      449/500      0.7438      0.8232
[2026-04-03 19:53:08] scGPT_human          lr       449/500      0.6959      0.7387
[2026-04-03 19:53:08] scGPT_human          mlp      449/500      0.7418      0.7957
[2026-04-03 19:53:08] v4_bias_rec_best     lr       449/500      0.7293      0.7977
[2026-04-03 19:53:08] v4_bias_rec_best     mlp      449/500      0.7454      0.8161
[2026-04-03 19:53:08] v4_plain_best        lr       449/500      0.7279      0.7833
[2026-04-03 19:53:08] v4_plain_best        mlp      449/500      0.7271      0.8093
[2026-04-03 19:53:08] v4_type_pe_best      lr       449/500      0.7420      0.7996
[2026-04-03 19:53:08] v4_type_pe_best      mlp      449/500      0.7510      0.8220
[2026-04-03 19:53:08] random_256           lr       500/500      0.6790      0.7619
[2026-04-03 19:53:08] random_256           mlp      500/500      0.6516      0.7622
[2026-04-03 19:53:08] 
--- mHSC-L500 ---
[2026-04-03 19:53:08] Embedding            Clf     Coverage        AUROC        AUPRC
[2026-04-03 19:53:08] -----------------------------------------------------------------
[2026-04-03 19:53:08] minus                lr       442/500      0.7487      0.8116
[2026-04-03 19:53:08] minus                mlp      442/500      0.7716      0.8420
[2026-04-03 19:53:08] baseline             lr       442/500      0.7397      0.8072
[2026-04-03 19:53:08] baseline             mlp      442/500      0.7434      0.8200
[2026-04-03 19:53:08] scGPT_human          lr       442/500      0.7336      0.8091
[2026-04-03 19:53:08] scGPT_human          mlp      442/500      0.7698      0.8286
[2026-04-03 19:53:08] v4_bias_rec_best     lr       442/500      0.7289      0.7922
[2026-04-03 19:53:08] v4_bias_rec_best     mlp      442/500      0.7530      0.8150
[2026-04-03 19:53:08] v4_plain_best        lr       442/500      0.7467      0.8122
[2026-04-03 19:53:08] v4_plain_best        mlp      442/500      0.7793      0.8456
[2026-04-03 19:53:08] v4_type_pe_best      lr       442/500      0.7355      0.8162
[2026-04-03 19:53:08] v4_type_pe_best      mlp      442/500      0.7661      0.8410
[2026-04-03 19:53:08] random_256           lr       500/500      0.6978      0.7965
[2026-04-03 19:53:08] random_256           mlp      500/500      0.7115      0.8031
[2026-04-03 19:53:08] 
Results saved to /bigdata2/hyt/projects/scbenchmark_xjq/comparison-SC-embedding/grn_benchmark/grn_emb_only_results.csv
[2026-04-03 19:53:08] Done!
