[2026-03-09 09:19:26] ======================================================================
[2026-03-09 09:19:26] GRN BEELINE Full Benchmark - Embedding Only
[2026-03-09 09:19:26] ======================================================================
[2026-03-09 09:19:27] Vocab: 60697 genes
[2026-03-09 09:19:27] Loaded difference_v3: (60697, 256)
[2026-03-09 09:19:27] Loaded baseline: (60697, 256)
[2026-03-09 09:19:27] Loaded scGPT_human: (60697, 512)
[2026-03-09 09:19:29] Loaded GF-12L95M: (11355, 512)
[2026-03-09 09:19:29] Downloading BEELINE-data.zip...
[2026-03-09 09:51:44] ======================================================================
[2026-03-09 09:51:44] GRN BEELINE Full Benchmark - Embedding Only
[2026-03-09 09:51:44] ======================================================================
[2026-03-09 09:51:44] Vocab: 60697 genes
[2026-03-09 09:51:44] Loaded difference_v3: (60697, 256)
[2026-03-09 09:51:44] Loaded baseline: (60697, 256)
[2026-03-09 09:51:45] Loaded scGPT_human: (60697, 512)
[2026-03-09 09:51:46] Loaded GF-12L95M: (11355, 512)
[2026-03-09 09:51:46] Downloading BEELINE-data.zip...
[2026-03-09 22:12:49] ======================================================================
[2026-03-09 22:12:49] GRN BEELINE Full Benchmark - Embedding Only
[2026-03-09 22:12:49] ======================================================================
[2026-03-09 22:12:49] Vocab: 60697 genes
[2026-03-09 22:12:49] Loaded difference_v3: (60697, 256)
[2026-03-09 22:12:49] Loaded baseline: (60697, 256)
[2026-03-09 22:12:50] Loaded scGPT_human: (60697, 512)
[2026-03-09 22:12:51] Loaded GF-12L95M: (11355, 512)
[2026-03-09 22:12:51] Downloading BEELINE-data.zip...
[2026-03-09 22:17:42] ======================================================================
[2026-03-09 22:17:42] GRN BEELINE Full Benchmark - Embedding Only
[2026-03-09 22:17:42] ======================================================================
[2026-03-09 22:17:42] Vocab: 60697 genes
[2026-03-09 22:17:42] Loaded difference_v3: (60697, 256)
[2026-03-09 22:17:42] Loaded baseline: (60697, 256)
[2026-03-09 22:17:42] Loaded scGPT_human: (60697, 512)
[2026-03-09 22:17:44] Loaded GF-12L95M: (11355, 512)
[2026-03-09 22:17:44] Downloading BEELINE-data.zip...
[2026-03-09 23:00:21]   Downloaded: 262.3 MB
[2026-03-09 23:00:21] Downloading BEELINE-Networks.zip...
[2026-03-09 23:02:15]   Downloaded: 16.8 MB
[2026-03-09 23:02:15] Extracting BEELINE-data.zip...
[2026-03-09 23:02:20] Extracting BEELINE-Networks.zip...
[2026-03-09 23:02:20] BEELINE data ready.
[2026-03-09 23:02:20] 
Scanning for BEELINE datasets...
[2026-03-09 23:02:20]   Found scGREAT dataset: hESC500 (910 genes)
[2026-03-09 23:02:20]   Found scGREAT dataset: mESC500 (1120 genes)
[2026-03-09 23:02:20] 
======================================================================
[2026-03-09 23:02:20] Dataset: hESC500 (910 genes) [from scGREAT]
[2026-03-09 23:02:20] ======================================================================
[2026-03-09 23:02:20] Train: 23764 (pos=3484)
[2026-03-09 23:02:20] Test:  7142 (pos=1061)
[2026-03-09 23:02:20] 
Embedding            Clf       Coverage    AUROC    AUPRC
[2026-03-09 23:02:20] ------------------------------------------------------------
[2026-03-09 23:02:22] difference_v3        lr         848/910  0.8563  0.5478
[2026-03-09 23:02:28] difference_v3        mlp        848/910  0.8473  0.5280
[2026-03-09 23:02:30] baseline             lr         848/910  0.8646  0.5628
[2026-03-09 23:02:39] baseline             mlp        848/910  0.8467  0.5360
[2026-03-09 23:02:42] scGPT_human          lr         848/910  0.8635  0.5787
[2026-03-09 23:02:56] scGPT_human          mlp        848/910  0.8496  0.5411
[2026-03-09 23:03:02] GF-12L95M            lr         637/910  0.8244  0.4163
[2026-03-09 23:03:11] GF-12L95M            mlp        637/910  0.8128  0.3808
[2026-03-09 23:03:11] 
======================================================================
[2026-03-09 23:03:11] Dataset: mESC500 (1120 genes) [from scGREAT]
[2026-03-09 23:03:11] ======================================================================
[2026-03-09 23:03:11] Train: 75735 (pos=22760)
[2026-03-09 23:03:11] Test:  22737 (pos=6853)
[2026-03-09 23:03:11] 
Embedding            Clf       Coverage    AUROC    AUPRC
[2026-03-09 23:03:11] ------------------------------------------------------------
[2026-03-09 23:03:16] difference_v3        lr        937/1120  0.8908  0.8007
[2026-03-09 23:03:36] difference_v3        mlp       937/1120  0.8934  0.8136
[2026-03-09 23:03:41] baseline             lr        937/1120  0.8946  0.8080
[2026-03-09 23:03:58] baseline             mlp       937/1120  0.8978  0.8169
[2026-03-09 23:04:06] scGPT_human          lr        937/1120  0.8975  0.8172
[2026-03-09 23:04:31] scGPT_human          mlp       937/1120  0.8996  0.8200
[2026-03-09 23:04:48] GF-12L95M            lr        642/1120  0.7923  0.6517
[2026-03-09 23:05:19] GF-12L95M            mlp       642/1120  0.7935  0.6522
[2026-03-09 23:05:19] 
======================================================================
[2026-03-09 23:05:19] FINAL SUMMARY (LR results)
[2026-03-09 23:05:19] ======================================================================
[2026-03-09 23:05:19] 
Dataset                        difference_v3   baseline        scGPT_human     GF-12L95M      
[2026-03-09 23:05:19] ----------------------------------------------------------------------------------------------------
[2026-03-09 23:05:19] hESC500                        0.8563/0.5478 0.8646/0.5628 0.8635/0.5787 0.8244/0.4163 
[2026-03-09 23:05:19] mESC500                        0.8908/0.8007 0.8946/0.8080 0.8975/0.8172 0.7923/0.6517 
[2026-03-09 23:05:19] 
Results saved to /root/autodl-tmp/grn_benchmark/grn_beeline_full_results.csv
[2026-03-09 23:05:19] 
Done!
[2026-04-08 21:14:18] ======================================================================
[2026-04-08 21:14:18] GRN BEELINE Full Benchmark - Embedding Only
[2026-04-08 21:14:18] ======================================================================
[2026-04-08 21:14:18] Vocab: 60697 genes
[2026-04-08 21:14:18] Loaded minus: (60697, 256)
[2026-04-08 21:14:19] Loaded baseline: (60697, 256)
[2026-04-08 21:14:20] Loaded scGPT_human: (60697, 512)
[2026-04-08 21:14:20] Loaded v4_bias_rec_best: (60697, 256)
[2026-04-08 21:14:21] Loaded v4_plain_best: (60697, 256)
[2026-04-08 21:14:21] Loaded v4_type_pe_best: (60697, 256)
[2026-04-08 21:14:21] SKIP embedding GF-12L95M: [Errno 2] No such file or directory: '/bigdata2/hyt/projects/scbenchmark_xjq/comparison-SC-embedding/gene_embeddings/intersect/GF-12L95M/GF-12L95M_emb.csv'
[2026-04-08 21:14:22] BEELINE data already present.
[2026-04-08 21:14:22] 
--- Part 1: scGREAT pre-processed datasets ---
[2026-04-08 21:14:22] 
======================================================================
[2026-04-08 21:14:22] Dataset: hESC500 [scGREAT] (910 genes)
[2026-04-08 21:14:22] ======================================================================
[2026-04-08 21:14:22] Train: 23764 (pos=3484)
[2026-04-08 21:14:22] Test:  7142 (pos=1061)
[2026-04-08 21:14:22] 
Embedding            Clf       Coverage    AUROC    AUPRC
[2026-04-08 21:14:22] ------------------------------------------------------------
[2026-04-08 21:14:23] minus                lr         848/910  0.8569  0.5577
[2026-04-08 21:14:33] minus                mlp        848/910  0.8563  0.5574
[2026-04-08 21:14:35] baseline             lr         848/910  0.8670  0.5829
[2026-04-08 21:14:44] baseline             mlp        848/910  0.8562  0.5565
[2026-04-08 21:14:48] scGPT_human          lr         848/910  0.8636  0.5790
[2026-04-08 21:15:15] scGPT_human          mlp        848/910  0.8481  0.5367
[2026-04-08 21:15:17] v4_bias_rec_best     lr         848/910  0.8638  0.5668
[2026-04-08 21:15:26] v4_bias_rec_best     mlp        848/910  0.8612  0.5591
[2026-04-08 21:15:27] v4_plain_best        lr         848/910  0.8635  0.5767
[2026-04-08 21:15:41] v4_plain_best        mlp        848/910  0.8475  0.5491
[2026-04-08 21:15:43] v4_type_pe_best      lr         848/910  0.8600  0.5554
[2026-04-08 21:15:52] v4_type_pe_best      mlp        848/910  0.8559  0.5581
[2026-04-08 21:15:52] 
======================================================================
[2026-04-08 21:15:52] Dataset: mESC500 [scGREAT] (1120 genes)
[2026-04-08 21:15:52] ======================================================================
[2026-04-08 21:15:52] Train: 75735 (pos=22760)
[2026-04-08 21:15:52] Test:  22737 (pos=6853)
[2026-04-08 21:15:52] 
Embedding            Clf       Coverage    AUROC    AUPRC
[2026-04-08 21:15:52] ------------------------------------------------------------
[2026-04-08 21:15:57] minus                lr        937/1120  0.8938  0.8094
[2026-04-08 21:16:27] minus                mlp       937/1120  0.8980  0.8189
[2026-04-08 21:16:32] baseline             lr        937/1120  0.8932  0.8068
[2026-04-08 21:16:59] baseline             mlp       937/1120  0.8988  0.8197
[2026-04-08 21:17:09] scGPT_human          lr        937/1120  0.8976  0.8174
[2026-04-08 21:18:05] scGPT_human          mlp       937/1120  0.9000  0.8224
[2026-04-08 21:18:12] v4_bias_rec_best     lr        937/1120  0.8935  0.8083
[2026-04-08 21:18:36] v4_bias_rec_best     mlp       937/1120  0.8983  0.8195
[2026-04-08 21:18:42] v4_plain_best        lr        937/1120  0.8932  0.8079
[2026-04-08 21:19:11] v4_plain_best        mlp       937/1120  0.8965  0.8170
[2026-04-08 21:19:16] v4_type_pe_best      lr        937/1120  0.8946  0.8112
[2026-04-08 21:19:47] v4_type_pe_best      mlp       937/1120  0.9000  0.8251
[2026-04-08 21:19:47] 
--- Part 2: BEELINE datasets (from raw data) ---
[2026-04-08 21:19:47] 
  Cell type: hESC (human), networks: ['Specific', 'Non-Specific', 'STRING']
[2026-04-08 21:19:50] 
======================================================================
[2026-04-08 21:19:50] Dataset: hESC_Specific_500 (500 genes)
[2026-04-08 21:19:50] ======================================================================
[2026-04-08 21:19:50] Train: 3446 (pos=539)
[2026-04-08 21:19:50] Test:  1051 (pos=173)
[2026-04-08 21:19:50] 
Embedding            Clf       Coverage    AUROC    AUPRC
[2026-04-08 21:19:50] ------------------------------------------------------------
[2026-04-08 21:19:50] minus                lr         442/500  0.7773  0.3769
[2026-04-08 21:19:51] minus                mlp        442/500  0.8198  0.4175
[2026-04-08 21:19:52] baseline             lr         442/500  0.8161  0.4470
[2026-04-08 21:19:53] baseline             mlp        442/500  0.8258  0.3922
[2026-04-08 21:19:54] scGPT_human          lr         442/500  0.7596  0.3792
[2026-04-08 21:19:57] scGPT_human          mlp        442/500  0.8367  0.4853
[2026-04-08 21:19:57] v4_bias_rec_best     lr         442/500  0.8161  0.4341
[2026-04-08 21:19:59] v4_bias_rec_best     mlp        442/500  0.8033  0.3853
[2026-04-08 21:19:59] v4_plain_best        lr         442/500  0.7905  0.4069
[2026-04-08 21:20:00] v4_plain_best        mlp        442/500  0.8349  0.4684
[2026-04-08 21:20:00] v4_type_pe_best      lr         442/500  0.8005  0.3959
[2026-04-08 21:20:02] v4_type_pe_best      mlp        442/500  0.8279  0.4207
[2026-04-08 21:20:04] 
======================================================================
[2026-04-08 21:20:04] Dataset: hESC_Specific_1000 (1000 genes)
[2026-04-08 21:20:04] ======================================================================
[2026-04-08 21:20:04] Train: 8445 (pos=1353)
[2026-04-08 21:20:04] Test:  2551 (pos=415)
[2026-04-08 21:20:04] 
Embedding            Clf       Coverage    AUROC    AUPRC
[2026-04-08 21:20:04] ------------------------------------------------------------
[2026-04-08 21:20:05] minus                lr        893/1000  0.8434  0.4338
[2026-04-08 21:20:08] minus                mlp       893/1000  0.8499  0.4730
[2026-04-08 21:20:08] baseline             lr        893/1000  0.8524  0.4636
[2026-04-08 21:20:12] baseline             mlp       893/1000  0.8578  0.4829
[2026-04-08 21:20:14] scGPT_human          lr        893/1000  0.8283  0.4294
[2026-04-08 21:20:20] scGPT_human          mlp       893/1000  0.8483  0.4446
[2026-04-08 21:20:20] v4_bias_rec_best     lr        893/1000  0.8511  0.4542
[2026-04-08 21:20:26] v4_bias_rec_best     mlp       893/1000  0.8393  0.4462
[2026-04-08 21:20:27] v4_plain_best        lr        893/1000  0.8501  0.4654
[2026-04-08 21:20:30] v4_plain_best        mlp       893/1000  0.8549  0.4980
[2026-04-08 21:20:31] v4_type_pe_best      lr        893/1000  0.8499  0.4586
[2026-04-08 21:20:34] v4_type_pe_best      mlp       893/1000  0.8600  0.5093
[2026-04-08 21:20:37] 
======================================================================
[2026-04-08 21:20:37] Dataset: hESC_Non-Specific_500 (500 genes)
[2026-04-08 21:20:37] ======================================================================
[2026-04-08 21:20:37] Train: 6125 (pos=108)
[2026-04-08 21:20:37] Test:  1866 (pos=43)
[2026-04-08 21:20:37] 
Embedding            Clf       Coverage    AUROC    AUPRC
[2026-04-08 21:20:37] ------------------------------------------------------------
[2026-04-08 21:20:37] minus                lr         442/500  0.8705  0.2321
[2026-04-08 21:20:39] minus                mlp        442/500  0.8137  0.1500
[2026-04-08 21:20:39] baseline             lr         442/500  0.8614  0.2378
[2026-04-08 21:20:42] baseline             mlp        442/500  0.8737  0.1812
[2026-04-08 21:20:42] scGPT_human          lr         442/500  0.8608  0.2016
[2026-04-08 21:20:46] scGPT_human          mlp        442/500  0.8548  0.1551
[2026-04-08 21:20:47] v4_bias_rec_best     lr         442/500  0.8426  0.1312
[2026-04-08 21:20:49] v4_bias_rec_best     mlp        442/500  0.8754  0.1987
[2026-04-08 21:20:49] v4_plain_best        lr         442/500  0.8741  0.1799
[2026-04-08 21:20:51] v4_plain_best        mlp        442/500  0.8798  0.2060
[2026-04-08 21:20:52] v4_type_pe_best      lr         442/500  0.8469  0.1805
[2026-04-08 21:20:54] v4_type_pe_best      mlp        442/500  0.8335  0.1623
[2026-04-08 21:20:56] 
======================================================================
[2026-04-08 21:20:56] Dataset: hESC_Non-Specific_1000 (1000 genes)
[2026-04-08 21:20:56] ======================================================================
[2026-04-08 21:20:56] Train: 32243 (pos=456)
[2026-04-08 21:20:56] Test:  9732 (pos=169)
[2026-04-08 21:20:56] 
Embedding            Clf       Coverage    AUROC    AUPRC
[2026-04-08 21:20:56] ------------------------------------------------------------
[2026-04-08 21:20:57] minus                lr        893/1000  0.8780  0.1362
[2026-04-08 21:21:08] minus                mlp       893/1000  0.8914  0.1761
[2026-04-08 21:21:09] baseline             lr        893/1000  0.8678  0.1438
[2026-04-08 21:21:19] baseline             mlp       893/1000  0.8957  0.1807
[2026-04-08 21:21:24] scGPT_human          lr        893/1000  0.8256  0.1183
[2026-04-08 21:21:47] scGPT_human          mlp       893/1000  0.8790  0.1399
[2026-04-08 21:21:49] v4_bias_rec_best     lr        893/1000  0.8563  0.1407
[2026-04-08 21:22:00] v4_bias_rec_best     mlp       893/1000  0.8839  0.1593
[2026-04-08 21:22:01] v4_plain_best        lr        893/1000  0.8833  0.1648
[2026-04-08 21:22:13] v4_plain_best        mlp       893/1000  0.9050  0.1630
[2026-04-08 21:22:15] v4_type_pe_best      lr        893/1000  0.8832  0.1820
[2026-04-08 21:22:25] v4_type_pe_best      mlp       893/1000  0.9028  0.1638
[2026-04-08 21:22:27] 
======================================================================
[2026-04-08 21:22:27] Dataset: hESC_STRING_500 (500 genes)
[2026-04-08 21:22:27] ======================================================================
[2026-04-08 21:22:27] Train: 9177 (pos=60)
[2026-04-08 21:22:27] Test:  2799 (pos=35)
[2026-04-08 21:22:27] 
Embedding            Clf       Coverage    AUROC    AUPRC
[2026-04-08 21:22:27] ------------------------------------------------------------
[2026-04-08 21:22:28] minus                lr         442/500  0.8300  0.2805
[2026-04-08 21:22:31] minus                mlp        442/500  0.8033  0.2084
[2026-04-08 21:22:31] baseline             lr         442/500  0.8115  0.2919
[2026-04-08 21:22:34] baseline             mlp        442/500  0.7654  0.0928
[2026-04-08 21:22:35] scGPT_human          lr         442/500  0.8734  0.2924
[2026-04-08 21:22:41] scGPT_human          mlp        442/500  0.7940  0.0723
[2026-04-08 21:22:41] v4_bias_rec_best     lr         442/500  0.8156  0.2326
[2026-04-08 21:22:45] v4_bias_rec_best     mlp        442/500  0.8097  0.0982
[2026-04-08 21:22:45] v4_plain_best        lr         442/500  0.8126  0.2513
[2026-04-08 21:22:48] v4_plain_best        mlp        442/500  0.8039  0.0518
[2026-04-08 21:22:49] v4_type_pe_best      lr         442/500  0.8493  0.2978
[2026-04-08 21:22:53] v4_type_pe_best      mlp        442/500  0.8509  0.2819
[2026-04-08 21:22:55] 
======================================================================
[2026-04-08 21:22:55] Dataset: hESC_STRING_1000 (1000 genes)
[2026-04-08 21:22:55] ======================================================================
[2026-04-08 21:22:55] Train: 41435 (pos=278)
[2026-04-08 21:22:55] Test:  12511 (pos=133)
[2026-04-08 21:22:55] 
Embedding            Clf       Coverage    AUROC    AUPRC
[2026-04-08 21:22:55] ------------------------------------------------------------
[2026-04-08 21:22:57] minus                lr        893/1000  0.8242  0.2252
[2026-04-08 21:23:19] minus                mlp       893/1000  0.8250  0.2328
[2026-04-08 21:23:22] baseline             lr        893/1000  0.8370  0.2110
[2026-04-08 21:23:41] baseline             mlp       893/1000  0.8246  0.2343
[2026-04-08 21:23:46] scGPT_human          lr        893/1000  0.8379  0.1676
[2026-04-08 21:24:24] scGPT_human          mlp       893/1000  0.8556  0.2203
[2026-04-08 21:24:27] v4_bias_rec_best     lr        893/1000  0.8364  0.1947
[2026-04-08 21:24:52] v4_bias_rec_best     mlp       893/1000  0.8482  0.2367
[2026-04-08 21:24:54] v4_plain_best        lr        893/1000  0.7966  0.2183
[2026-04-08 21:25:31] v4_plain_best        mlp       893/1000  0.8000  0.2638
[2026-04-08 21:25:33] v4_type_pe_best      lr        893/1000  0.8444  0.2105
[2026-04-08 21:25:55] v4_type_pe_best      mlp       893/1000  0.8240  0.2626
[2026-04-08 21:25:55] 
  Cell type: hHep (human), networks: ['Specific', 'Non-Specific', 'STRING']
[2026-04-08 21:25:56]   hHep_Specific_500: too few edges after filtering, skipping
[2026-04-08 21:25:57] 
======================================================================
[2026-04-08 21:25:57] Dataset: hHep_Specific_1000 (1000 genes)
[2026-04-08 21:25:57] ======================================================================
[2026-04-08 21:25:57] Train: 3836 (pos=877)
[2026-04-08 21:25:57] Test:  1160 (pos=268)
[2026-04-08 21:25:57] 
Embedding            Clf       Coverage    AUROC    AUPRC
[2026-04-08 21:25:57] ------------------------------------------------------------
[2026-04-08 21:25:58] minus                lr        962/1000  0.8780  0.7286
[2026-04-08 21:25:59] minus                mlp       962/1000  0.8992  0.7855
[2026-04-08 21:26:00] baseline             lr        962/1000  0.8833  0.7321
[2026-04-08 21:26:02] baseline             mlp       962/1000  0.9074  0.7896
[2026-04-08 21:26:02] scGPT_human          lr        962/1000  0.8497  0.6707
[2026-04-08 21:26:05] scGPT_human          mlp       962/1000  0.9092  0.7848
[2026-04-08 21:26:05] v4_bias_rec_best     lr        962/1000  0.8793  0.7214
[2026-04-08 21:26:07] v4_bias_rec_best     mlp       962/1000  0.9067  0.7888
[2026-04-08 21:26:08] v4_plain_best        lr        962/1000  0.8870  0.7685
[2026-04-08 21:26:09] v4_plain_best        mlp       962/1000  0.9043  0.7897
[2026-04-08 21:26:10] v4_type_pe_best      lr        962/1000  0.8868  0.7542
[2026-04-08 21:26:12] v4_type_pe_best      mlp       962/1000  0.9077  0.8027
[2026-04-08 21:26:13] 
======================================================================
[2026-04-08 21:26:13] Dataset: hHep_Non-Specific_500 (500 genes)
[2026-04-08 21:26:13] ======================================================================
[2026-04-08 21:26:13] Train: 5739 (pos=61)
[2026-04-08 21:26:13] Test:  1753 (pos=31)
[2026-04-08 21:26:13] 
Embedding            Clf       Coverage    AUROC    AUPRC
[2026-04-08 21:26:13] ------------------------------------------------------------
[2026-04-08 21:26:13] minus                lr         487/500  0.8201  0.1351
[2026-04-08 21:26:16] minus                mlp        487/500  0.8538  0.1042
[2026-04-08 21:26:16] baseline             lr         487/500  0.7582  0.0836
[2026-04-08 21:26:18] baseline             mlp        487/500  0.7279  0.0643
[2026-04-08 21:26:18] scGPT_human          lr         487/500  0.7999  0.1100
[2026-04-08 21:26:21] scGPT_human          mlp        487/500  0.8079  0.1432
[2026-04-08 21:26:22] v4_bias_rec_best     lr         487/500  0.8275  0.1567
[2026-04-08 21:26:25] v4_bias_rec_best     mlp        487/500  0.7902  0.1198
[2026-04-08 21:26:25] v4_plain_best        lr         487/500  0.7973  0.1219
[2026-04-08 21:26:27] v4_plain_best        mlp        487/500  0.7701  0.0709
[2026-04-08 21:26:27] v4_type_pe_best      lr         487/500  0.8232  0.1577
[2026-04-08 21:26:30] v4_type_pe_best      mlp        487/500  0.7219  0.0515
[2026-04-08 21:26:31] 
======================================================================
[2026-04-08 21:26:31] Dataset: hHep_Non-Specific_1000 (1000 genes)
[2026-04-08 21:26:31] ======================================================================
[2026-04-08 21:26:31] Train: 29174 (pos=246)
[2026-04-08 21:26:31] Test:  8805 (pos=102)
[2026-04-08 21:26:31] 
Embedding            Clf       Coverage    AUROC    AUPRC
[2026-04-08 21:26:31] ------------------------------------------------------------
[2026-04-08 21:26:33] minus                lr        962/1000  0.8540  0.1270
[2026-04-08 21:26:43] minus                mlp       962/1000  0.8733  0.1731
[2026-04-08 21:26:45] baseline             lr        962/1000  0.8335  0.1440
[2026-04-08 21:26:55] baseline             mlp       962/1000  0.8587  0.1528
[2026-04-08 21:26:58] scGPT_human          lr        962/1000  0.8343  0.1462
[2026-04-08 21:27:41] scGPT_human          mlp       962/1000  0.8434  0.2194
[2026-04-08 21:27:43] v4_bias_rec_best     lr        962/1000  0.8123  0.1103
[2026-04-08 21:27:52] v4_bias_rec_best     mlp       962/1000  0.8445  0.1037
[2026-04-08 21:27:54] v4_plain_best        lr        962/1000  0.8259  0.1097
[2026-04-08 21:28:04] v4_plain_best        mlp       962/1000  0.8763  0.1486
[2026-04-08 21:28:06] v4_type_pe_best      lr        962/1000  0.8367  0.1396
[2026-04-08 21:28:15] v4_type_pe_best      mlp       962/1000  0.8720  0.1940
[2026-04-08 21:28:16] 
======================================================================
[2026-04-08 21:28:16] Dataset: hHep_STRING_500 (500 genes)
[2026-04-08 21:28:16] ======================================================================
[2026-04-08 21:28:16] Train: 8033 (pos=182)
[2026-04-08 21:28:16] Test:  2446 (pos=74)
[2026-04-08 21:28:16] 
Embedding            Clf       Coverage    AUROC    AUPRC
[2026-04-08 21:28:16] ------------------------------------------------------------
[2026-04-08 21:28:16] minus                lr         487/500  0.8768  0.4320
[2026-04-08 21:28:20] minus                mlp        487/500  0.9314  0.5887
[2026-04-08 21:28:20] baseline             lr         487/500  0.9074  0.5086
[2026-04-08 21:28:24] baseline             mlp        487/500  0.9286  0.5849
[2026-04-08 21:28:25] scGPT_human          lr         487/500  0.8876  0.5185
[2026-04-08 21:28:32] scGPT_human          mlp        487/500  0.9035  0.5813
[2026-04-08 21:28:32] v4_bias_rec_best     lr         487/500  0.9121  0.5366
[2026-04-08 21:28:39] v4_bias_rec_best     mlp        487/500  0.8989  0.5659
[2026-04-08 21:28:39] v4_plain_best        lr         487/500  0.8608  0.4102
[2026-04-08 21:28:42] v4_plain_best        mlp        487/500  0.9285  0.5436
[2026-04-08 21:28:42] v4_type_pe_best      lr         487/500  0.8970  0.4404
[2026-04-08 21:28:46] v4_type_pe_best      mlp        487/500  0.9085  0.5875
[2026-04-08 21:28:47] 
======================================================================
[2026-04-08 21:28:47] Dataset: hHep_STRING_1000 (1000 genes)
[2026-04-08 21:28:47] ======================================================================
[2026-04-08 21:28:47] Train: 40670 (pos=595)
[2026-04-08 21:28:47] Test:  12277 (pos=229)
[2026-04-08 21:28:47] 
Embedding            Clf       Coverage    AUROC    AUPRC
[2026-04-08 21:28:47] ------------------------------------------------------------
[2026-04-08 21:28:49] minus                lr        962/1000  0.8802  0.3888
[2026-04-08 21:29:03] minus                mlp       962/1000  0.8929  0.4348
[2026-04-08 21:29:06] baseline             lr        962/1000  0.8737  0.4056
[2026-04-08 21:29:21] baseline             mlp       962/1000  0.8875  0.4320
[2026-04-08 21:29:26] scGPT_human          lr        962/1000  0.8823  0.3842
[2026-04-08 21:30:05] scGPT_human          mlp       962/1000  0.8911  0.4913
[2026-04-08 21:30:07] v4_bias_rec_best     lr        962/1000  0.8757  0.3927
[2026-04-08 21:30:23] v4_bias_rec_best     mlp       962/1000  0.8928  0.4481
[2026-04-08 21:30:25] v4_plain_best        lr        962/1000  0.8800  0.3509
[2026-04-08 21:30:40] v4_plain_best        mlp       962/1000  0.8865  0.4551
[2026-04-08 21:30:42] v4_type_pe_best      lr        962/1000  0.8823  0.3901
[2026-04-08 21:31:01] v4_type_pe_best      mlp       962/1000  0.9001  0.4690
[2026-04-08 21:31:01] 
  Cell type: mDC (mouse), networks: ['Specific', 'Non-Specific', 'STRING']
[2026-04-08 21:31:02] 
======================================================================
[2026-04-08 21:31:02] Dataset: mDC_Specific_500 (500 genes)
[2026-04-08 21:31:02] ======================================================================
[2026-04-08 21:31:02] Train: 765 (pos=23)
[2026-04-08 21:31:02] Test:  234 (pos=10)
[2026-04-08 21:31:02] 
Embedding            Clf       Coverage    AUROC    AUPRC
[2026-04-08 21:31:02] ------------------------------------------------------------
[2026-04-08 21:31:02] minus                lr         387/500  0.7603  0.1196
[2026-04-08 21:31:02] minus                mlp        387/500  0.6522  0.1175
[2026-04-08 21:31:02] baseline             lr         387/500  0.7991  0.2275
[2026-04-08 21:31:02] baseline             mlp        387/500  0.8281  0.1765
[2026-04-08 21:31:02] scGPT_human          lr         387/500  0.7750  0.2778
[2026-04-08 21:31:03] scGPT_human          mlp        387/500  0.7179  0.1527
[2026-04-08 21:31:03] v4_bias_rec_best     lr         387/500  0.7562  0.1449
[2026-04-08 21:31:03] v4_bias_rec_best     mlp        387/500  0.4607  0.0412
[2026-04-08 21:31:03] v4_plain_best        lr         387/500  0.8701  0.2150
[2026-04-08 21:31:03] v4_plain_best        mlp        387/500  0.7772  0.1224
[2026-04-08 21:31:03] v4_type_pe_best      lr         387/500  0.7714  0.1715
[2026-04-08 21:31:04] v4_type_pe_best      mlp        387/500  0.7058  0.0792
[2026-04-08 21:31:04] 
======================================================================
[2026-04-08 21:31:04] Dataset: mDC_Specific_1000 (1000 genes)
[2026-04-08 21:31:04] ======================================================================
[2026-04-08 21:31:04] Train: 6140 (pos=453)
[2026-04-08 21:31:04] Test:  1853 (pos=143)
[2026-04-08 21:31:04] 
Embedding            Clf       Coverage    AUROC    AUPRC
[2026-04-08 21:31:04] ------------------------------------------------------------
[2026-04-08 21:31:04] minus                lr        803/1000  0.8228  0.3674
[2026-04-08 21:31:07] minus                mlp       803/1000  0.7995  0.3551
[2026-04-08 21:31:08] baseline             lr        803/1000  0.8060  0.3363
[2026-04-08 21:31:09] baseline             mlp       803/1000  0.8624  0.4313
[2026-04-08 21:31:11] scGPT_human          lr        803/1000  0.8126  0.3052
[2026-04-08 21:31:13] scGPT_human          mlp       803/1000  0.8625  0.4275
[2026-04-08 21:31:14] v4_bias_rec_best     lr        803/1000  0.7980  0.3071
[2026-04-08 21:31:17] v4_bias_rec_best     mlp       803/1000  0.8218  0.3971
[2026-04-08 21:31:18] v4_plain_best        lr        803/1000  0.7974  0.3040
[2026-04-08 21:31:20] v4_plain_best        mlp       803/1000  0.8629  0.4376
[2026-04-08 21:31:20] v4_type_pe_best      lr        803/1000  0.8180  0.3217
[2026-04-08 21:31:23] v4_type_pe_best      mlp       803/1000  0.8346  0.3927
[2026-04-08 21:31:23] 
======================================================================
[2026-04-08 21:31:23] Dataset: mDC_Non-Specific_500 (500 genes)
[2026-04-08 21:31:23] ======================================================================
[2026-04-08 21:31:23] Train: 2676 (pos=20)
[2026-04-08 21:31:23] Test:  819 (pos=13)
[2026-04-08 21:31:23] 
Embedding            Clf       Coverage    AUROC    AUPRC
[2026-04-08 21:31:23] ------------------------------------------------------------
[2026-04-08 21:31:23] minus                lr         387/500  0.7265  0.2227
[2026-04-08 21:31:24] minus                mlp        387/500  0.5668  0.0213
[2026-04-08 21:31:24] baseline             lr         387/500  0.7431  0.1627
[2026-04-08 21:31:25] baseline             mlp        387/500  0.5152  0.0190
[2026-04-08 21:31:25] scGPT_human          lr         387/500  0.6665  0.0966
[2026-04-08 21:31:27] scGPT_human          mlp        387/500  0.6653  0.0488
[2026-04-08 21:31:27] v4_bias_rec_best     lr         387/500  0.7063  0.2053
[2026-04-08 21:31:28] v4_bias_rec_best     mlp        387/500  0.5826  0.0205
[2026-04-08 21:31:28] v4_plain_best        lr         387/500  0.7639  0.1954
[2026-04-08 21:31:28] v4_plain_best        mlp        387/500  0.5878  0.0195
[2026-04-08 21:31:28] v4_type_pe_best      lr         387/500  0.7042  0.2377
[2026-04-08 21:31:29] v4_type_pe_best      mlp        387/500  0.5894  0.0489
[2026-04-08 21:31:30] 
======================================================================
[2026-04-08 21:31:30] Dataset: mDC_Non-Specific_1000 (1000 genes)
[2026-04-08 21:31:30] ======================================================================
[2026-04-08 21:31:30] Train: 29935 (pos=351)
[2026-04-08 21:31:30] Test:  9037 (pos=141)
[2026-04-08 21:31:30] 
Embedding            Clf       Coverage    AUROC    AUPRC
[2026-04-08 21:31:30] ------------------------------------------------------------
[2026-04-08 21:31:31] minus                lr        803/1000  0.8697  0.2471
[2026-04-08 21:31:40] minus                mlp       803/1000  0.8693  0.1609
[2026-04-08 21:31:41] baseline             lr        803/1000  0.8530  0.1696
[2026-04-08 21:31:51] baseline             mlp       803/1000  0.8658  0.1506
[2026-04-08 21:31:55] scGPT_human          lr        803/1000  0.8216  0.1971
[2026-04-08 21:32:20] scGPT_human          mlp       803/1000  0.8482  0.2176
[2026-04-08 21:32:22] v4_bias_rec_best     lr        803/1000  0.8496  0.1712
[2026-04-08 21:32:32] v4_bias_rec_best     mlp       803/1000  0.8774  0.2218
[2026-04-08 21:32:34] v4_plain_best        lr        803/1000  0.8633  0.1863
[2026-04-08 21:32:43] v4_plain_best        mlp       803/1000  0.8892  0.2616
[2026-04-08 21:32:45] v4_type_pe_best      lr        803/1000  0.8622  0.1839
[2026-04-08 21:32:55] v4_type_pe_best      mlp       803/1000  0.8913  0.2421
[2026-04-08 21:32:55] 
======================================================================
[2026-04-08 21:32:55] Dataset: mDC_STRING_500 (500 genes)
[2026-04-08 21:32:55] ======================================================================
[2026-04-08 21:32:55] Train: 4206 (pos=89)
[2026-04-08 21:32:55] Test:  1283 (pos=36)
[2026-04-08 21:32:55] 
Embedding            Clf       Coverage    AUROC    AUPRC
[2026-04-08 21:32:55] ------------------------------------------------------------
[2026-04-08 21:32:55] minus                lr         387/500  0.8385  0.2730
[2026-04-08 21:32:57] minus                mlp        387/500  0.7999  0.2157
[2026-04-08 21:32:57] baseline             lr         387/500  0.7955  0.2000
[2026-04-08 21:32:58] baseline             mlp        387/500  0.8651  0.4749
[2026-04-08 21:32:58] scGPT_human          lr         387/500  0.8476  0.3275
[2026-04-08 21:33:01] scGPT_human          mlp        387/500  0.8906  0.5008
[2026-04-08 21:33:01] v4_bias_rec_best     lr         387/500  0.8273  0.3269
[2026-04-08 21:33:03] v4_bias_rec_best     mlp        387/500  0.8625  0.3990
[2026-04-08 21:33:03] v4_plain_best        lr         387/500  0.8618  0.3437
[2026-04-08 21:33:05] v4_plain_best        mlp        387/500  0.8972  0.5486
[2026-04-08 21:33:05] v4_type_pe_best      lr         387/500  0.8352  0.2786
[2026-04-08 21:33:07] v4_type_pe_best      mlp        387/500  0.8860  0.4632
[2026-04-08 21:33:08] 
======================================================================
[2026-04-08 21:33:08] Dataset: mDC_STRING_1000 (1000 genes)
[2026-04-08 21:33:08] ======================================================================
[2026-04-08 21:33:08] Train: 30695 (pos=600)
[2026-04-08 21:33:08] Test:  9265 (pos=217)
[2026-04-08 21:33:08] 
Embedding            Clf       Coverage    AUROC    AUPRC
[2026-04-08 21:33:08] ------------------------------------------------------------
[2026-04-08 21:33:09] minus                lr        803/1000  0.8978  0.3925
[2026-04-08 21:33:24] minus                mlp       803/1000  0.8960  0.4912
[2026-04-08 21:33:26] baseline             lr        803/1000  0.8854  0.3854
[2026-04-08 21:33:35] baseline             mlp       803/1000  0.9094  0.5051
[2026-04-08 21:33:38] scGPT_human          lr        803/1000  0.8764  0.3570
[2026-04-08 21:34:04] scGPT_human          mlp       803/1000  0.9077  0.5518
[2026-04-08 21:34:06] v4_bias_rec_best     lr        803/1000  0.8932  0.3733
[2026-04-08 21:34:22] v4_bias_rec_best     mlp       803/1000  0.8973  0.4655
[2026-04-08 21:34:24] v4_plain_best        lr        803/1000  0.8910  0.3789
[2026-04-08 21:34:45] v4_plain_best        mlp       803/1000  0.9085  0.5202
[2026-04-08 21:34:47] v4_type_pe_best      lr        803/1000  0.9004  0.4297
[2026-04-08 21:35:05] v4_type_pe_best      mlp       803/1000  0.9137  0.5172
[2026-04-08 21:35:05] 
  Cell type: mESC (mouse), networks: ['Specific', 'Non-Specific', 'STRING']
[2026-04-08 21:35:07]   mESC_Specific_500: too few edges after filtering, skipping
[2026-04-08 21:35:09]   mESC_Specific_1000: too few edges after filtering, skipping
[2026-04-08 21:35:10]   mESC_Non-Specific_500: too few edges after filtering, skipping
[2026-04-08 21:35:11]   mESC_Non-Specific_1000: too few edges after filtering, skipping
[2026-04-08 21:35:12]   mESC_STRING_500: too few edges after filtering, skipping
[2026-04-08 21:35:13]   mESC_STRING_1000: too few edges after filtering, skipping
[2026-04-08 21:35:13] 
  Cell type: mHSC-E (mouse), networks: ['Specific', 'Non-Specific', 'STRING']
[2026-04-08 21:35:15] 
======================================================================
[2026-04-08 21:35:15] Dataset: mHSC-E_Specific_500 (500 genes)
[2026-04-08 21:35:15] ======================================================================
[2026-04-08 21:35:15] Train: 1914 (pos=770)
[2026-04-08 21:35:15] Test:  584 (pos=238)
[2026-04-08 21:35:15] 
Embedding            Clf       Coverage    AUROC    AUPRC
[2026-04-08 21:35:15] ------------------------------------------------------------
[2026-04-08 21:35:15] minus                lr         457/500  0.7857  0.6991
[2026-04-08 21:35:16] minus                mlp        457/500  0.8518  0.8064
[2026-04-08 21:35:16] baseline             lr         457/500  0.8080  0.7446
[2026-04-08 21:35:16] baseline             mlp        457/500  0.8554  0.8053
[2026-04-08 21:35:17] scGPT_human          lr         457/500  0.7573  0.6831
[2026-04-08 21:35:18] scGPT_human          mlp        457/500  0.8575  0.8191
[2026-04-08 21:35:18] v4_bias_rec_best     lr         457/500  0.8065  0.7449
[2026-04-08 21:35:18] v4_bias_rec_best     mlp        457/500  0.8664  0.8185
[2026-04-08 21:35:18] v4_plain_best        lr         457/500  0.7894  0.7255
[2026-04-08 21:35:20] v4_plain_best        mlp        457/500  0.8597  0.8108
[2026-04-08 21:35:20] v4_type_pe_best      lr         457/500  0.8071  0.7594
[2026-04-08 21:35:20] v4_type_pe_best      mlp        457/500  0.8573  0.8165
[2026-04-08 21:35:22] 
======================================================================
[2026-04-08 21:35:22] Dataset: mHSC-E_Specific_1000 (1000 genes)
[2026-04-08 21:35:22] ======================================================================
[2026-04-08 21:35:22] Train: 9983 (pos=4937)
[2026-04-08 21:35:22] Test:  3013 (pos=1490)
[2026-04-08 21:35:22] 
Embedding            Clf       Coverage    AUROC    AUPRC
[2026-04-08 21:35:22] ------------------------------------------------------------
[2026-04-08 21:35:23] minus                lr        917/1000  0.8943  0.8876
[2026-04-08 21:35:28] minus                mlp       917/1000  0.8971  0.8925
[2026-04-08 21:35:29] baseline             lr        917/1000  0.8916  0.8841
[2026-04-08 21:35:33] baseline             mlp       917/1000  0.8890  0.8735
[2026-04-08 21:35:35] scGPT_human          lr        917/1000  0.8915  0.8877
[2026-04-08 21:35:47] scGPT_human          mlp       917/1000  0.9002  0.8934
[2026-04-08 21:35:47] v4_bias_rec_best     lr        917/1000  0.8941  0.8842
[2026-04-08 21:35:57] v4_bias_rec_best     mlp       917/1000  0.8990  0.8903
[2026-04-08 21:35:57] v4_plain_best        lr        917/1000  0.8944  0.8845
[2026-04-08 21:36:03] v4_plain_best        mlp       917/1000  0.8910  0.8836
[2026-04-08 21:36:03] v4_type_pe_best      lr        917/1000  0.8922  0.8828
[2026-04-08 21:36:14] v4_type_pe_best      mlp       917/1000  0.8961  0.8900
[2026-04-08 21:36:15] 
======================================================================
[2026-04-08 21:36:15] Dataset: mHSC-E_Non-Specific_500 (500 genes)
[2026-04-08 21:36:15] ======================================================================
[2026-04-08 21:36:15] Train: 8032 (pos=177)
[2026-04-08 21:36:15] Test:  2452 (pos=71)
[2026-04-08 21:36:15] 
Embedding            Clf       Coverage    AUROC    AUPRC
[2026-04-08 21:36:15] ------------------------------------------------------------
[2026-04-08 21:36:15] minus                lr         457/500  0.8057  0.1758
[2026-04-08 21:36:18] minus                mlp        457/500  0.8655  0.3202
[2026-04-08 21:36:19] baseline             lr         457/500  0.7961  0.1520
[2026-04-08 21:36:22] baseline             mlp        457/500  0.8628  0.2531
[2026-04-08 21:36:23] scGPT_human          lr         457/500  0.8396  0.2405
[2026-04-08 21:36:30] scGPT_human          mlp        457/500  0.8671  0.2800
[2026-04-08 21:36:30] v4_bias_rec_best     lr         457/500  0.8493  0.1729
[2026-04-08 21:36:33] v4_bias_rec_best     mlp        457/500  0.8725  0.3005
[2026-04-08 21:36:33] v4_plain_best        lr         457/500  0.8272  0.1404
[2026-04-08 21:36:36] v4_plain_best        mlp        457/500  0.8634  0.2683
[2026-04-08 21:36:36] v4_type_pe_best      lr         457/500  0.8174  0.2318
[2026-04-08 21:36:40] v4_type_pe_best      mlp        457/500  0.8333  0.2516
[2026-04-08 21:36:42] 
======================================================================
[2026-04-08 21:36:42] Dataset: mHSC-E_Non-Specific_1000 (1000 genes)
[2026-04-08 21:36:42] ======================================================================
[2026-04-08 21:36:42] Train: 36844 (pos=502)
[2026-04-08 21:36:42] Test:  11119 (pos=189)
[2026-04-08 21:36:42] 
Embedding            Clf       Coverage    AUROC    AUPRC
[2026-04-08 21:36:42] ------------------------------------------------------------
[2026-04-08 21:36:43] minus                lr        917/1000  0.8663  0.2260
[2026-04-08 21:36:59] minus                mlp       917/1000  0.8694  0.3129
[2026-04-08 21:37:00] baseline             lr        917/1000  0.8652  0.2280
[2026-04-08 21:37:14] baseline             mlp       917/1000  0.8793  0.2927
[2026-04-08 21:37:18] scGPT_human          lr        917/1000  0.8288  0.2008
[2026-04-08 21:37:39] scGPT_human          mlp       917/1000  0.8780  0.3099
[2026-04-08 21:37:41] v4_bias_rec_best     lr        917/1000  0.8526  0.1976
[2026-04-08 21:37:56] v4_bias_rec_best     mlp       917/1000  0.8650  0.2777
[2026-04-08 21:37:57] v4_plain_best        lr        917/1000  0.8497  0.1852
[2026-04-08 21:38:09] v4_plain_best        mlp       917/1000  0.8708  0.2461
[2026-04-08 21:38:11] v4_type_pe_best      lr        917/1000  0.8622  0.2130
[2026-04-08 21:38:29] v4_type_pe_best      mlp       917/1000  0.8721  0.3091
[2026-04-08 21:38:30] 
======================================================================
[2026-04-08 21:38:30] Dataset: mHSC-E_STRING_500 (500 genes)
[2026-04-08 21:38:30] ======================================================================
[2026-04-08 21:38:30] Train: 9560 (pos=159)
[2026-04-08 21:38:30] Test:  2915 (pos=69)
[2026-04-08 21:38:30] 
Embedding            Clf       Coverage    AUROC    AUPRC
[2026-04-08 21:38:30] ------------------------------------------------------------
[2026-04-08 21:38:30] minus                lr         457/500  0.9206  0.4640
[2026-04-08 21:38:35] minus                mlp        457/500  0.9355  0.6377
[2026-04-08 21:38:35] baseline             lr         457/500  0.8832  0.4512
[2026-04-08 21:38:40] baseline             mlp        457/500  0.9137  0.6209
[2026-04-08 21:38:40] scGPT_human          lr         457/500  0.8956  0.5261
[2026-04-08 21:38:47] scGPT_human          mlp        457/500  0.9227  0.6039
[2026-04-08 21:38:47] v4_bias_rec_best     lr         457/500  0.8843  0.5368
[2026-04-08 21:38:53] v4_bias_rec_best     mlp        457/500  0.8816  0.6269
[2026-04-08 21:38:54] v4_plain_best        lr         457/500  0.8905  0.5310
[2026-04-08 21:39:00] v4_plain_best        mlp        457/500  0.9200  0.6239
[2026-04-08 21:39:00] v4_type_pe_best      lr         457/500  0.8647  0.4664
[2026-04-08 21:39:05] v4_type_pe_best      mlp        457/500  0.9023  0.5980
[2026-04-08 21:39:06] 
======================================================================
[2026-04-08 21:39:06] Dataset: mHSC-E_STRING_1000 (1000 genes)
[2026-04-08 21:39:06] ======================================================================
[2026-04-08 21:39:06] Train: 40670 (pos=500)
[2026-04-08 21:39:06] Test:  12277 (pos=202)
[2026-04-08 21:39:06] 
Embedding            Clf       Coverage    AUROC    AUPRC
[2026-04-08 21:39:06] ------------------------------------------------------------
[2026-04-08 21:39:08] minus                lr        917/1000  0.8872  0.4798
[2026-04-08 21:39:33] minus                mlp       917/1000  0.8978  0.5575
[2026-04-08 21:39:36] baseline             lr        917/1000  0.8848  0.4496
[2026-04-08 21:40:06] baseline             mlp       917/1000  0.8944  0.5325
[2026-04-08 21:40:09] scGPT_human          lr        917/1000  0.8822  0.4288
[2026-04-08 21:40:56] scGPT_human          mlp       917/1000  0.8966  0.5699
[2026-04-08 21:40:58] v4_bias_rec_best     lr        917/1000  0.8795  0.4371
[2026-04-08 21:41:18] v4_bias_rec_best     mlp       917/1000  0.8893  0.5080
[2026-04-08 21:41:20] v4_plain_best        lr        917/1000  0.8828  0.4754
[2026-04-08 21:41:48] v4_plain_best        mlp       917/1000  0.8853  0.5571
[2026-04-08 21:41:50] v4_type_pe_best      lr        917/1000  0.9003  0.4814
[2026-04-08 21:42:10] v4_type_pe_best      mlp       917/1000  0.9089  0.5609
[2026-04-08 21:42:10] 
  Cell type: mHSC-GM (mouse), networks: ['Specific', 'Non-Specific', 'STRING']
[2026-04-08 21:42:12] 
======================================================================
[2026-04-08 21:42:12] Dataset: mHSC-GM_Specific_500 (500 genes)
[2026-04-08 21:42:12] ======================================================================
[2026-04-08 21:42:12] Train: 2680 (pos=1488)
[2026-04-08 21:42:12] Test:  818 (pos=453)
[2026-04-08 21:42:12] 
Embedding            Clf       Coverage    AUROC    AUPRC
[2026-04-08 21:42:12] ------------------------------------------------------------
[2026-04-08 21:42:12] minus                lr         449/500  0.7661  0.8009
[2026-04-08 21:42:14] minus                mlp        449/500  0.7916  0.8276
[2026-04-08 21:42:14] baseline             lr         449/500  0.7525  0.7821
[2026-04-08 21:42:15] baseline             mlp        449/500  0.7684  0.7984
[2026-04-08 21:42:15] scGPT_human          lr         449/500  0.7337  0.7580
[2026-04-08 21:42:17] scGPT_human          mlp        449/500  0.7883  0.8310
[2026-04-08 21:42:17] v4_bias_rec_best     lr         449/500  0.7706  0.7835
[2026-04-08 21:42:20] v4_bias_rec_best     mlp        449/500  0.7821  0.8146
[2026-04-08 21:42:20] v4_plain_best        lr         449/500  0.7461  0.7727
[2026-04-08 21:42:21] v4_plain_best        mlp        449/500  0.7659  0.8009
[2026-04-08 21:42:21] v4_type_pe_best      lr         449/500  0.7510  0.7886
[2026-04-08 21:42:22] v4_type_pe_best      mlp        449/500  0.7725  0.8108
[2026-04-08 21:42:24] 
======================================================================
[2026-04-08 21:42:24] Dataset: mHSC-GM_Specific_1000 (1000 genes)
[2026-04-08 21:42:24] ======================================================================
[2026-04-08 21:42:24] Train: 11519 (pos=5615)
[2026-04-08 21:42:24] Test:  3475 (pos=1695)
[2026-04-08 21:42:24] 
Embedding            Clf       Coverage    AUROC    AUPRC
[2026-04-08 21:42:24] ------------------------------------------------------------
[2026-04-08 21:42:25] minus                lr        895/1000  0.8692  0.8525
[2026-04-08 21:42:34] minus                mlp       895/1000  0.8706  0.8616
[2026-04-08 21:42:37] baseline             lr        895/1000  0.8684  0.8544
[2026-04-08 21:42:51] baseline             mlp       895/1000  0.8677  0.8595
[2026-04-08 21:42:53] scGPT_human          lr        895/1000  0.8643  0.8460
[2026-04-08 21:43:05] scGPT_human          mlp       895/1000  0.8747  0.8669
[2026-04-08 21:43:05] v4_bias_rec_best     lr        895/1000  0.8628  0.8465
[2026-04-08 21:43:09] v4_bias_rec_best     mlp       895/1000  0.8746  0.8613
[2026-04-08 21:43:10] v4_plain_best        lr        895/1000  0.8692  0.8495
[2026-04-08 21:43:14] v4_plain_best        mlp       895/1000  0.8741  0.8592
[2026-04-08 21:43:15] v4_type_pe_best      lr        895/1000  0.8663  0.8483
[2026-04-08 21:43:19] v4_type_pe_best      mlp       895/1000  0.8750  0.8577
[2026-04-08 21:43:20] 
======================================================================
[2026-04-08 21:43:20] Dataset: mHSC-GM_Non-Specific_500 (500 genes)
[2026-04-08 21:43:20] ======================================================================
[2026-04-08 21:43:20] Train: 5740 (pos=99)
[2026-04-08 21:43:20] Test:  1751 (pos=44)
[2026-04-08 21:43:20] 
Embedding            Clf       Coverage    AUROC    AUPRC
[2026-04-08 21:43:20] ------------------------------------------------------------
[2026-04-08 21:43:20] minus                lr         449/500  0.7840  0.1914
[2026-04-08 21:43:22] minus                mlp        449/500  0.8330  0.1863
[2026-04-08 21:43:22] baseline             lr         449/500  0.7902  0.2040
[2026-04-08 21:43:24] baseline             mlp        449/500  0.7491  0.0942
[2026-04-08 21:43:25] scGPT_human          lr         449/500  0.7992  0.2566
[2026-04-08 21:43:28] scGPT_human          mlp        449/500  0.7961  0.2832
[2026-04-08 21:43:29] v4_bias_rec_best     lr         449/500  0.8115  0.1633
[2026-04-08 21:43:30] v4_bias_rec_best     mlp        449/500  0.7611  0.1101
[2026-04-08 21:43:30] v4_plain_best        lr         449/500  0.7979  0.2092
[2026-04-08 21:43:32] v4_plain_best        mlp        449/500  0.7391  0.0670
[2026-04-08 21:43:32] v4_type_pe_best      lr         449/500  0.7736  0.1937
[2026-04-08 21:43:34] v4_type_pe_best      mlp        449/500  0.7507  0.0998
[2026-04-08 21:43:35] 
======================================================================
[2026-04-08 21:43:35] Dataset: mHSC-GM_Non-Specific_1000 (1000 genes)
[2026-04-08 21:43:35] ======================================================================
[2026-04-08 21:43:35] Train: 36836 (pos=351)
[2026-04-08 21:43:35] Test:  11127 (pos=142)
[2026-04-08 21:43:35] 
Embedding            Clf       Coverage    AUROC    AUPRC
[2026-04-08 21:43:35] ------------------------------------------------------------
[2026-04-08 21:43:36] minus                lr        895/1000  0.8189  0.2270
[2026-04-08 21:43:51] minus                mlp       895/1000  0.8522  0.2823
[2026-04-08 21:43:52] baseline             lr        895/1000  0.8386  0.2054
[2026-04-08 21:44:07] baseline             mlp       895/1000  0.8460  0.2552
[2026-04-08 21:44:11] scGPT_human          lr        895/1000  0.8174  0.1803
[2026-04-08 21:44:34] scGPT_human          mlp       895/1000  0.8510  0.3011
[2026-04-08 21:44:36] v4_bias_rec_best     lr        895/1000  0.8526  0.2351
[2026-04-08 21:44:50] v4_bias_rec_best     mlp       895/1000  0.8653  0.2378
[2026-04-08 21:44:51] v4_plain_best        lr        895/1000  0.8292  0.2114
[2026-04-08 21:45:15] v4_plain_best        mlp       895/1000  0.8398  0.2862
[2026-04-08 21:45:16] v4_type_pe_best      lr        895/1000  0.8513  0.2353
[2026-04-08 21:45:39] v4_type_pe_best      mlp       895/1000  0.8479  0.2520
[2026-04-08 21:45:40] 
======================================================================
[2026-04-08 21:45:40] Dataset: mHSC-GM_STRING_500 (500 genes)
[2026-04-08 21:45:40] ======================================================================
[2026-04-08 21:45:40] Train: 8408 (pos=62)
[2026-04-08 21:45:40] Test:  2570 (pos=39)
[2026-04-08 21:45:40] 
Embedding            Clf       Coverage    AUROC    AUPRC
[2026-04-08 21:45:40] ------------------------------------------------------------
[2026-04-08 21:45:40] minus                lr         449/500  0.8634  0.2026
[2026-04-08 21:45:43] minus                mlp        449/500  0.8590  0.2686
[2026-04-08 21:45:43] baseline             lr         449/500  0.8667  0.1291
[2026-04-08 21:45:45] baseline             mlp        449/500  0.7180  0.1530
[2026-04-08 21:45:46] scGPT_human          lr         449/500  0.8533  0.2859
[2026-04-08 21:45:50] scGPT_human          mlp        449/500  0.7733  0.1913
[2026-04-08 21:45:51] v4_bias_rec_best     lr         449/500  0.8104  0.1583
[2026-04-08 21:45:53] v4_bias_rec_best     mlp        449/500  0.8439  0.2862
[2026-04-08 21:45:54] v4_plain_best        lr         449/500  0.8445  0.2409
[2026-04-08 21:45:56] v4_plain_best        mlp        449/500  0.7944  0.1768
[2026-04-08 21:45:57] v4_type_pe_best      lr         449/500  0.8496  0.1440
[2026-04-08 21:45:59] v4_type_pe_best      mlp        449/500  0.8488  0.2183
[2026-04-08 21:46:00] 
======================================================================
[2026-04-08 21:46:00] Dataset: mHSC-GM_STRING_1000 (1000 genes)
[2026-04-08 21:46:00] ======================================================================
[2026-04-08 21:46:00] Train: 43738 (pos=314)
[2026-04-08 21:46:00] Test:  13205 (pos=141)
[2026-04-08 21:46:00] 
Embedding            Clf       Coverage    AUROC    AUPRC
[2026-04-08 21:46:00] ------------------------------------------------------------
[2026-04-08 21:46:02] minus                lr        895/1000  0.8538  0.3462
[2026-04-08 21:46:16] minus                mlp       895/1000  0.8942  0.4332
[2026-04-08 21:46:18] baseline             lr        895/1000  0.8647  0.3492
[2026-04-08 21:46:33] baseline             mlp       895/1000  0.8771  0.4211
[2026-04-08 21:46:37] scGPT_human          lr        895/1000  0.8651  0.3189
[2026-04-08 21:47:02] scGPT_human          mlp       895/1000  0.8743  0.3703
[2026-04-08 21:47:04] v4_bias_rec_best     lr        895/1000  0.8443  0.2938
[2026-04-08 21:47:29] v4_bias_rec_best     mlp       895/1000  0.8643  0.3830
[2026-04-08 21:47:31] v4_plain_best        lr        895/1000  0.8604  0.3659
[2026-04-08 21:47:44] v4_plain_best        mlp       895/1000  0.8585  0.3774
[2026-04-08 21:47:46] v4_type_pe_best      lr        895/1000  0.8624  0.3716
[2026-04-08 21:48:08] v4_type_pe_best      mlp       895/1000  0.8923  0.4358
[2026-04-08 21:48:08] 
  Cell type: mHSC-L (mouse), networks: ['Specific', 'Non-Specific', 'STRING']
[2026-04-08 21:48:09] 
======================================================================
[2026-04-08 21:48:09] Dataset: mHSC-L_Specific_500 (500 genes)
[2026-04-08 21:48:09] ======================================================================
[2026-04-08 21:48:09] Train: 3065 (pos=1820)
[2026-04-08 21:48:09] Test:  934 (pos=553)
[2026-04-08 21:48:09] 
Embedding            Clf       Coverage    AUROC    AUPRC
[2026-04-08 21:48:09] ------------------------------------------------------------
[2026-04-08 21:48:10] minus                lr         442/500  0.7864  0.8220
[2026-04-08 21:48:11] minus                mlp        442/500  0.7959  0.8419
[2026-04-08 21:48:11] baseline             lr         442/500  0.7777  0.8205
[2026-04-08 21:48:13] baseline             mlp        442/500  0.7795  0.8275
[2026-04-08 21:48:13] scGPT_human          lr         442/500  0.7370  0.7957
[2026-04-08 21:48:18] scGPT_human          mlp        442/500  0.8033  0.8534
[2026-04-08 21:48:18] v4_bias_rec_best     lr         442/500  0.7603  0.8110
[2026-04-08 21:48:19] v4_bias_rec_best     mlp        442/500  0.8027  0.8474
[2026-04-08 21:48:19] v4_plain_best        lr         442/500  0.7724  0.8148
[2026-04-08 21:48:21] v4_plain_best        mlp        442/500  0.7927  0.8366
[2026-04-08 21:48:21] v4_type_pe_best      lr         442/500  0.7801  0.8198
[2026-04-08 21:48:22] v4_type_pe_best      mlp        442/500  0.7957  0.8370
[2026-04-08 21:48:24] 
======================================================================
[2026-04-08 21:48:24] Dataset: mHSC-L_Specific_1000 (1000 genes)
[2026-04-08 21:48:24] ======================================================================
[2026-04-08 21:48:24] Train: 12287 (pos=6953)
[2026-04-08 21:48:24] Test:  3708 (pos=2098)
[2026-04-08 21:48:24] 
Embedding            Clf       Coverage    AUROC    AUPRC
[2026-04-08 21:48:24] ------------------------------------------------------------
[2026-04-08 21:48:24] minus                lr        898/1000  0.8677  0.8905
[2026-04-08 21:48:30] minus                mlp       898/1000  0.8717  0.8965
[2026-04-08 21:48:31] baseline             lr        898/1000  0.8571  0.8815
[2026-04-08 21:48:37] baseline             mlp       898/1000  0.8564  0.8817
[2026-04-08 21:48:39] scGPT_human          lr        898/1000  0.8543  0.8752
[2026-04-08 21:48:55] scGPT_human          mlp       898/1000  0.8640  0.8907
[2026-04-08 21:48:56] v4_bias_rec_best     lr        898/1000  0.8551  0.8794
[2026-04-08 21:49:04] v4_bias_rec_best     mlp       898/1000  0.8570  0.8832
[2026-04-08 21:49:05] v4_plain_best        lr        898/1000  0.8604  0.8804
[2026-04-08 21:49:14] v4_plain_best        mlp       898/1000  0.8654  0.8861
[2026-04-08 21:49:15] v4_type_pe_best      lr        898/1000  0.8618  0.8826
[2026-04-08 21:49:24] v4_type_pe_best      mlp       898/1000  0.8635  0.8859
[2026-04-08 21:49:25] 
======================================================================
[2026-04-08 21:49:25] Dataset: mHSC-L_Non-Specific_500 (500 genes)
[2026-04-08 21:49:25] ======================================================================
[2026-04-08 21:49:25] Train: 6123 (pos=126)
[2026-04-08 21:49:25] Test:  1867 (pos=51)
[2026-04-08 21:49:25] 
Embedding            Clf       Coverage    AUROC    AUPRC
[2026-04-08 21:49:25] ------------------------------------------------------------
[2026-04-08 21:49:25] minus                lr         442/500  0.7910  0.1360
[2026-04-08 21:49:27] minus                mlp        442/500  0.8313  0.2444
[2026-04-08 21:49:27] baseline             lr         442/500  0.7786  0.1455
[2026-04-08 21:49:29] baseline             mlp        442/500  0.7469  0.1345
[2026-04-08 21:49:30] scGPT_human          lr         442/500  0.8118  0.3058
[2026-04-08 21:49:34] scGPT_human          mlp        442/500  0.8252  0.3325
[2026-04-08 21:49:34] v4_bias_rec_best     lr         442/500  0.8113  0.2417
[2026-04-08 21:49:36] v4_bias_rec_best     mlp        442/500  0.7995  0.1883
[2026-04-08 21:49:37] v4_plain_best        lr         442/500  0.8084  0.2958
[2026-04-08 21:49:38] v4_plain_best        mlp        442/500  0.7799  0.1437
[2026-04-08 21:49:38] v4_type_pe_best      lr         442/500  0.8083  0.2363
[2026-04-08 21:49:40] v4_type_pe_best      mlp        442/500  0.7560  0.1617
[2026-04-08 21:49:41] 
======================================================================
[2026-04-08 21:49:41] Dataset: mHSC-L_Non-Specific_1000 (1000 genes)
[2026-04-08 21:49:41] ======================================================================
[2026-04-08 21:49:41] Train: 38381 (pos=409)
[2026-04-08 21:49:41] Test:  11582 (pos=161)
[2026-04-08 21:49:41] 
Embedding            Clf       Coverage    AUROC    AUPRC
[2026-04-08 21:49:41] ------------------------------------------------------------
[2026-04-08 21:49:43] minus                lr        898/1000  0.8195  0.1891
[2026-04-08 21:50:03] minus                mlp       898/1000  0.8321  0.2677
[2026-04-08 21:50:05] baseline             lr        898/1000  0.8288  0.1556
[2026-04-08 21:50:19] baseline             mlp       898/1000  0.8380  0.1796
[2026-04-08 21:50:23] scGPT_human          lr        898/1000  0.8130  0.1799
[2026-04-08 21:50:45] scGPT_human          mlp       898/1000  0.8579  0.2521
[2026-04-08 21:50:47] v4_bias_rec_best     lr        898/1000  0.8143  0.1734
[2026-04-08 21:51:03] v4_bias_rec_best     mlp       898/1000  0.8183  0.1820
[2026-04-08 21:51:04] v4_plain_best        lr        898/1000  0.8201  0.2107
[2026-04-08 21:51:25] v4_plain_best        mlp       898/1000  0.8485  0.2574
[2026-04-08 21:51:26] v4_type_pe_best      lr        898/1000  0.8394  0.1945
[2026-04-08 21:51:40] v4_type_pe_best      mlp       898/1000  0.8467  0.2236
[2026-04-08 21:51:41] 
======================================================================
[2026-04-08 21:51:41] Dataset: mHSC-L_STRING_500 (500 genes)
[2026-04-08 21:51:41] ======================================================================
[2026-04-08 21:51:41] Train: 8032 (pos=77)
[2026-04-08 21:51:41] Test:  2447 (pos=39)
[2026-04-08 21:51:41] 
Embedding            Clf       Coverage    AUROC    AUPRC
[2026-04-08 21:51:41] ------------------------------------------------------------
[2026-04-08 21:51:41] minus                lr         442/500  0.8912  0.3322
[2026-04-08 21:51:43] minus                mlp        442/500  0.8372  0.3402
[2026-04-08 21:51:44] baseline             lr         442/500  0.8559  0.3068
[2026-04-08 21:51:46] baseline             mlp        442/500  0.8273  0.3393
[2026-04-08 21:51:47] scGPT_human          lr         442/500  0.8570  0.4180
[2026-04-08 21:51:52] scGPT_human          mlp        442/500  0.8757  0.4495
[2026-04-08 21:51:52] v4_bias_rec_best     lr         442/500  0.8707  0.3316
[2026-04-08 21:51:56] v4_bias_rec_best     mlp        442/500  0.8933  0.4886
[2026-04-08 21:51:56] v4_plain_best        lr         442/500  0.8751  0.3660
[2026-04-08 21:51:59] v4_plain_best        mlp        442/500  0.8655  0.4186
[2026-04-08 21:51:59] v4_type_pe_best      lr         442/500  0.8493  0.4878
[2026-04-08 21:52:02] v4_type_pe_best      mlp        442/500  0.8395  0.3240
[2026-04-08 21:52:03] 
======================================================================
[2026-04-08 21:52:03] Dataset: mHSC-L_STRING_1000 (1000 genes)
[2026-04-08 21:52:03] ======================================================================
[2026-04-08 21:52:03] Train: 50644 (pos=348)
[2026-04-08 21:52:03] Test:  15290 (pos=164)
[2026-04-08 21:52:03] 
Embedding            Clf       Coverage    AUROC    AUPRC
[2026-04-08 21:52:03] ------------------------------------------------------------
[2026-04-08 21:52:05] minus                lr        898/1000  0.8640  0.3232
[2026-04-08 21:52:21] minus                mlp       898/1000  0.8897  0.3908
[2026-04-08 21:52:23] baseline             lr        898/1000  0.8566  0.2975
[2026-04-08 21:52:46] baseline             mlp       898/1000  0.8628  0.3672
[2026-04-08 21:52:50] scGPT_human          lr        898/1000  0.8573  0.3225
[2026-04-08 21:53:19] scGPT_human          mlp       898/1000  0.8615  0.3147
[2026-04-08 21:53:21] v4_bias_rec_best     lr        898/1000  0.8571  0.2617
[2026-04-08 21:53:37] v4_bias_rec_best     mlp       898/1000  0.8729  0.2998
[2026-04-08 21:53:39] v4_plain_best        lr        898/1000  0.8584  0.2860
[2026-04-08 21:53:55] v4_plain_best        mlp       898/1000  0.8713  0.3555
[2026-04-08 21:53:57] v4_type_pe_best      lr        898/1000  0.8773  0.3054
[2026-04-08 21:54:25] v4_type_pe_best      mlp       898/1000  0.8802  0.3361
[2026-04-08 21:54:25] 
======================================================================
[2026-04-08 21:54:25] FINAL SUMMARY (LR results)
[2026-04-08 21:54:25] ======================================================================
[2026-04-08 21:54:25] 
Dataset                             minus            baseline         scGPT_human      v4_bias_rec_best v4_plain_best    v4_type_pe_best  GF-12L95M       
[2026-04-08 21:54:25] ----------------------------------------------------------------------------------------------------------------------------------------------------------
[2026-04-08 21:54:25] hESC500 [scGREAT]                   0.8569/0.5577  0.8670/0.5829  0.8636/0.5790  0.8638/0.5668  0.8635/0.5767  0.8600/0.5554  N/A              
[2026-04-08 21:54:25] mESC500 [scGREAT]                   0.8938/0.8094  0.8932/0.8068  0.8976/0.8174  0.8935/0.8083  0.8932/0.8079  0.8946/0.8112  N/A              
[2026-04-08 21:54:25] hESC_Specific_500                   0.7773/0.3769  0.8161/0.4470  0.7596/0.3792  0.8161/0.4341  0.7905/0.4069  0.8005/0.3959  N/A              
[2026-04-08 21:54:25] hESC_Specific_1000                  0.8434/0.4338  0.8524/0.4636  0.8283/0.4294  0.8511/0.4542  0.8501/0.4654  0.8499/0.4586  N/A              
[2026-04-08 21:54:25] hESC_Non-Specific_500               0.8705/0.2321  0.8614/0.2378  0.8608/0.2016  0.8426/0.1312  0.8741/0.1799  0.8469/0.1805  N/A              
[2026-04-08 21:54:25] hESC_Non-Specific_1000              0.8780/0.1362  0.8678/0.1438  0.8256/0.1183  0.8563/0.1407  0.8833/0.1648  0.8832/0.1820  N/A              
[2026-04-08 21:54:25] hESC_STRING_500                     0.8300/0.2805  0.8115/0.2919  0.8734/0.2924  0.8156/0.2326  0.8126/0.2513  0.8493/0.2978  N/A              
[2026-04-08 21:54:25] hESC_STRING_1000                    0.8242/0.2252  0.8370/0.2110  0.8379/0.1676  0.8364/0.1947  0.7966/0.2183  0.8444/0.2105  N/A              
[2026-04-08 21:54:25] hHep_Specific_1000                  0.8780/0.7286  0.8833/0.7321  0.8497/0.6707  0.8793/0.7214  0.8870/0.7685  0.8868/0.7542  N/A              
[2026-04-08 21:54:25] hHep_Non-Specific_500               0.8201/0.1351  0.7582/0.0836  0.7999/0.1100  0.8275/0.1567  0.7973/0.1219  0.8232/0.1577  N/A              
[2026-04-08 21:54:25] hHep_Non-Specific_1000              0.8540/0.1270  0.8335/0.1440  0.8343/0.1462  0.8123/0.1103  0.8259/0.1097  0.8367/0.1396  N/A              
[2026-04-08 21:54:25] hHep_STRING_500                     0.8768/0.4320  0.9074/0.5086  0.8876/0.5185  0.9121/0.5366  0.8608/0.4102  0.8970/0.4404  N/A              
[2026-04-08 21:54:25] hHep_STRING_1000                    0.8802/0.3888  0.8737/0.4056  0.8823/0.3842  0.8757/0.3927  0.8800/0.3509  0.8823/0.3901  N/A              
[2026-04-08 21:54:25] mDC_Specific_500                    0.7603/0.1196  0.7991/0.2275  0.7750/0.2778  0.7562/0.1449  0.8701/0.2150  0.7714/0.1715  N/A              
[2026-04-08 21:54:25] mDC_Specific_1000                   0.8228/0.3674  0.8060/0.3363  0.8126/0.3052  0.7980/0.3071  0.7974/0.3040  0.8180/0.3217  N/A              
[2026-04-08 21:54:25] mDC_Non-Specific_500                0.7265/0.2227  0.7431/0.1627  0.6665/0.0966  0.7063/0.2053  0.7639/0.1954  0.7042/0.2377  N/A              
[2026-04-08 21:54:25] mDC_Non-Specific_1000               0.8697/0.2471  0.8530/0.1696  0.8216/0.1971  0.8496/0.1712  0.8633/0.1863  0.8622/0.1839  N/A              
[2026-04-08 21:54:25] mDC_STRING_500                      0.8385/0.2730  0.7955/0.2000  0.8476/0.3275  0.8273/0.3269  0.8618/0.3437  0.8352/0.2786  N/A              
[2026-04-08 21:54:25] mDC_STRING_1000                     0.8978/0.3925  0.8854/0.3854  0.8764/0.3570  0.8932/0.3733  0.8910/0.3789  0.9004/0.4297  N/A              
[2026-04-08 21:54:25] mHSC-E_Specific_500                 0.7857/0.6991  0.8080/0.7446  0.7573/0.6831  0.8065/0.7449  0.7894/0.7255  0.8071/0.7594  N/A              
[2026-04-08 21:54:25] mHSC-E_Specific_1000                0.8943/0.8876  0.8916/0.8841  0.8915/0.8877  0.8941/0.8842  0.8944/0.8845  0.8922/0.8828  N/A              
[2026-04-08 21:54:25] mHSC-E_Non-Specific_500             0.8057/0.1758  0.7961/0.1520  0.8396/0.2405  0.8493/0.1729  0.8272/0.1404  0.8174/0.2318  N/A              
[2026-04-08 21:54:25] mHSC-E_Non-Specific_1000            0.8663/0.2260  0.8652/0.2280  0.8288/0.2008  0.8526/0.1976  0.8497/0.1852  0.8622/0.2130  N/A              
[2026-04-08 21:54:25] mHSC-E_STRING_500                   0.9206/0.4640  0.8832/0.4512  0.8956/0.5261  0.8843/0.5368  0.8905/0.5310  0.8647/0.4664  N/A              
[2026-04-08 21:54:25] mHSC-E_STRING_1000                  0.8872/0.4798  0.8848/0.4496  0.8822/0.4288  0.8795/0.4371  0.8828/0.4754  0.9003/0.4814  N/A              
[2026-04-08 21:54:25] mHSC-GM_Specific_500                0.7661/0.8009  0.7525/0.7821  0.7337/0.7580  0.7706/0.7835  0.7461/0.7727  0.7510/0.7886  N/A              
[2026-04-08 21:54:25] mHSC-GM_Specific_1000               0.8692/0.8525  0.8684/0.8544  0.8643/0.8460  0.8628/0.8465  0.8692/0.8495  0.8663/0.8483  N/A              
[2026-04-08 21:54:25] mHSC-GM_Non-Specific_500            0.7840/0.1914  0.7902/0.2040  0.7992/0.2566  0.8115/0.1633  0.7979/0.2092  0.7736/0.1937  N/A              
[2026-04-08 21:54:25] mHSC-GM_Non-Specific_1000           0.8189/0.2270  0.8386/0.2054  0.8174/0.1803  0.8526/0.2351  0.8292/0.2114  0.8513/0.2353  N/A              
[2026-04-08 21:54:25] mHSC-GM_STRING_500                  0.8634/0.2026  0.8667/0.1291  0.8533/0.2859  0.8104/0.1583  0.8445/0.2409  0.8496/0.1440  N/A              
[2026-04-08 21:54:25] mHSC-GM_STRING_1000                 0.8538/0.3462  0.8647/0.3492  0.8651/0.3189  0.8443/0.2938  0.8604/0.3659  0.8624/0.3716  N/A              
[2026-04-08 21:54:25] mHSC-L_Specific_500                 0.7864/0.8220  0.7777/0.8205  0.7370/0.7957  0.7603/0.8110  0.7724/0.8148  0.7801/0.8198  N/A              
[2026-04-08 21:54:25] mHSC-L_Specific_1000                0.8677/0.8905  0.8571/0.8815  0.8543/0.8752  0.8551/0.8794  0.8604/0.8804  0.8618/0.8826  N/A              
[2026-04-08 21:54:25] mHSC-L_Non-Specific_500             0.7910/0.1360  0.7786/0.1455  0.8118/0.3058  0.8113/0.2417  0.8084/0.2958  0.8083/0.2363  N/A              
[2026-04-08 21:54:25] mHSC-L_Non-Specific_1000            0.8195/0.1891  0.8288/0.1556  0.8130/0.1799  0.8143/0.1734  0.8201/0.2107  0.8394/0.1945  N/A              
[2026-04-08 21:54:25] mHSC-L_STRING_500                   0.8912/0.3322  0.8559/0.3068  0.8570/0.4180  0.8707/0.3316  0.8751/0.3660  0.8493/0.4878  N/A              
[2026-04-08 21:54:25] mHSC-L_STRING_1000                  0.8640/0.3232  0.8566/0.2975  0.8573/0.3225  0.8571/0.2617  0.8584/0.2860  0.8773/0.3054  N/A              
[2026-04-08 21:54:25] 
======================================================================
[2026-04-08 21:54:25] FINAL SUMMARY (MLP results)
[2026-04-08 21:54:25] ======================================================================
[2026-04-08 21:54:25] 
Dataset                             minus            baseline         scGPT_human      v4_bias_rec_best v4_plain_best    v4_type_pe_best  GF-12L95M       
[2026-04-08 21:54:25] ----------------------------------------------------------------------------------------------------------------------------------------------------------
[2026-04-08 21:54:25] hESC500 [scGREAT]                   0.8563/0.5574  0.8562/0.5565  0.8481/0.5367  0.8612/0.5591  0.8475/0.5491  0.8559/0.5581  N/A              
[2026-04-08 21:54:25] mESC500 [scGREAT]                   0.8980/0.8189  0.8988/0.8197  0.9000/0.8224  0.8983/0.8195  0.8965/0.8170  0.9000/0.8251  N/A              
[2026-04-08 21:54:25] hESC_Specific_500                   0.8198/0.4175  0.8258/0.3922  0.8367/0.4853  0.8033/0.3853  0.8349/0.4684  0.8279/0.4207  N/A              
[2026-04-08 21:54:25] hESC_Specific_1000                  0.8499/0.4730  0.8578/0.4829  0.8483/0.4446  0.8393/0.4462  0.8549/0.4980  0.8600/0.5093  N/A              
[2026-04-08 21:54:25] hESC_Non-Specific_500               0.8137/0.1500  0.8737/0.1812  0.8548/0.1551  0.8754/0.1987  0.8798/0.2060  0.8335/0.1623  N/A              
[2026-04-08 21:54:25] hESC_Non-Specific_1000              0.8914/0.1761  0.8957/0.1807  0.8790/0.1399  0.8839/0.1593  0.9050/0.1630  0.9028/0.1638  N/A              
[2026-04-08 21:54:25] hESC_STRING_500                     0.8033/0.2084  0.7654/0.0928  0.7940/0.0723  0.8097/0.0982  0.8039/0.0518  0.8509/0.2819  N/A              
[2026-04-08 21:54:25] hESC_STRING_1000                    0.8250/0.2328  0.8246/0.2343  0.8556/0.2203  0.8482/0.2367  0.8000/0.2638  0.8240/0.2626  N/A              
[2026-04-08 21:54:25] hHep_Specific_1000                  0.8992/0.7855  0.9074/0.7896  0.9092/0.7848  0.9067/0.7888  0.9043/0.7897  0.9077/0.8027  N/A              
[2026-04-08 21:54:25] hHep_Non-Specific_500               0.8538/0.1042  0.7279/0.0643  0.8079/0.1432  0.7902/0.1198  0.7701/0.0709  0.7219/0.0515  N/A              
[2026-04-08 21:54:25] hHep_Non-Specific_1000              0.8733/0.1731  0.8587/0.1528  0.8434/0.2194  0.8445/0.1037  0.8763/0.1486  0.8720/0.1940  N/A              
[2026-04-08 21:54:25] hHep_STRING_500                     0.9314/0.5887  0.9286/0.5849  0.9035/0.5813  0.8989/0.5659  0.9285/0.5436  0.9085/0.5875  N/A              
[2026-04-08 21:54:25] hHep_STRING_1000                    0.8929/0.4348  0.8875/0.4320  0.8911/0.4913  0.8928/0.4481  0.8865/0.4551  0.9001/0.4690  N/A              
[2026-04-08 21:54:25] mDC_Specific_500                    0.6522/0.1175  0.8281/0.1765  0.7179/0.1527  0.4607/0.0412  0.7772/0.1224  0.7058/0.0792  N/A              
[2026-04-08 21:54:25] mDC_Specific_1000                   0.7995/0.3551  0.8624/0.4313  0.8625/0.4275  0.8218/0.3971  0.8629/0.4376  0.8346/0.3927  N/A              
[2026-04-08 21:54:25] mDC_Non-Specific_500                0.5668/0.0213  0.5152/0.0190  0.6653/0.0488  0.5826/0.0205  0.5878/0.0195  0.5894/0.0489  N/A              
[2026-04-08 21:54:25] mDC_Non-Specific_1000               0.8693/0.1609  0.8658/0.1506  0.8482/0.2176  0.8774/0.2218  0.8892/0.2616  0.8913/0.2421  N/A              
[2026-04-08 21:54:25] mDC_STRING_500                      0.7999/0.2157  0.8651/0.4749  0.8906/0.5008  0.8625/0.3990  0.8972/0.5486  0.8860/0.4632  N/A              
[2026-04-08 21:54:25] mDC_STRING_1000                     0.8960/0.4912  0.9094/0.5051  0.9077/0.5518  0.8973/0.4655  0.9085/0.5202  0.9137/0.5172  N/A              
[2026-04-08 21:54:25] mHSC-E_Specific_500                 0.8518/0.8064  0.8554/0.8053  0.8575/0.8191  0.8664/0.8185  0.8597/0.8108  0.8573/0.8165  N/A              
[2026-04-08 21:54:25] mHSC-E_Specific_1000                0.8971/0.8925  0.8890/0.8735  0.9002/0.8934  0.8990/0.8903  0.8910/0.8836  0.8961/0.8900  N/A              
[2026-04-08 21:54:25] mHSC-E_Non-Specific_500             0.8655/0.3202  0.8628/0.2531  0.8671/0.2800  0.8725/0.3005  0.8634/0.2683  0.8333/0.2516  N/A              
[2026-04-08 21:54:25] mHSC-E_Non-Specific_1000            0.8694/0.3129  0.8793/0.2927  0.8780/0.3099  0.8650/0.2777  0.8708/0.2461  0.8721/0.3091  N/A              
[2026-04-08 21:54:25] mHSC-E_STRING_500                   0.9355/0.6377  0.9137/0.6209  0.9227/0.6039  0.8816/0.6269  0.9200/0.6239  0.9023/0.5980  N/A              
[2026-04-08 21:54:25] mHSC-E_STRING_1000                  0.8978/0.5575  0.8944/0.5325  0.8966/0.5699  0.8893/0.5080  0.8853/0.5571  0.9089/0.5609  N/A              
[2026-04-08 21:54:25] mHSC-GM_Specific_500                0.7916/0.8276  0.7684/0.7984  0.7883/0.8310  0.7821/0.8146  0.7659/0.8009  0.7725/0.8108  N/A              
[2026-04-08 21:54:26] mHSC-GM_Specific_1000               0.8706/0.8616  0.8677/0.8595  0.8747/0.8669  0.8746/0.8613  0.8741/0.8592  0.8750/0.8577  N/A              
[2026-04-08 21:54:26] mHSC-GM_Non-Specific_500            0.8330/0.1863  0.7491/0.0942  0.7961/0.2832  0.7611/0.1101  0.7391/0.0670  0.7507/0.0998  N/A              
[2026-04-08 21:54:26] mHSC-GM_Non-Specific_1000           0.8522/0.2823  0.8460/0.2552  0.8510/0.3011  0.8653/0.2378  0.8398/0.2862  0.8479/0.2520  N/A              
[2026-04-08 21:54:26] mHSC-GM_STRING_500                  0.8590/0.2686  0.7180/0.1530  0.7733/0.1913  0.8439/0.2862  0.7944/0.1768  0.8488/0.2183  N/A              
[2026-04-08 21:54:26] mHSC-GM_STRING_1000                 0.8942/0.4332  0.8771/0.4211  0.8743/0.3703  0.8643/0.3830  0.8585/0.3774  0.8923/0.4358  N/A              
[2026-04-08 21:54:26] mHSC-L_Specific_500                 0.7959/0.8419  0.7795/0.8275  0.8033/0.8534  0.8027/0.8474  0.7927/0.8366  0.7957/0.8370  N/A              
[2026-04-08 21:54:26] mHSC-L_Specific_1000                0.8717/0.8965  0.8564/0.8817  0.8640/0.8907  0.8570/0.8832  0.8654/0.8861  0.8635/0.8859  N/A              
[2026-04-08 21:54:26] mHSC-L_Non-Specific_500             0.8313/0.2444  0.7469/0.1345  0.8252/0.3325  0.7995/0.1883  0.7799/0.1437  0.7560/0.1617  N/A              
[2026-04-08 21:54:26] mHSC-L_Non-Specific_1000            0.8321/0.2677  0.8380/0.1796  0.8579/0.2521  0.8183/0.1820  0.8485/0.2574  0.8467/0.2236  N/A              
[2026-04-08 21:54:26] mHSC-L_STRING_500                   0.8372/0.3402  0.8273/0.3393  0.8757/0.4495  0.8933/0.4886  0.8655/0.4186  0.8395/0.3240  N/A              
[2026-04-08 21:54:26] mHSC-L_STRING_1000                  0.8897/0.3908  0.8628/0.3672  0.8615/0.3147  0.8729/0.2998  0.8713/0.3555  0.8802/0.3361  N/A              
[2026-04-08 21:54:26] 
======================================================================
[2026-04-08 21:54:26] AVERAGE ACROSS BEELINE DATASETS (LR)
[2026-04-08 21:54:26] ======================================================================
[2026-04-08 21:54:26]   minus                AUROC: 0.8395±0.0461  AUPRC: 0.3818±0.2413  (n=35)
[2026-04-08 21:54:26]   baseline             AUROC: 0.8357±0.0433  AUPRC: 0.3769±0.2488  (n=35)
[2026-04-08 21:54:26]   scGPT_human          AUROC: 0.8285±0.0510  AUPRC: 0.3854±0.2326  (n=35)
[2026-04-08 21:54:26]   v4_bias_rec_best     AUROC: 0.8355±0.0433  AUPRC: 0.3768±0.2482  (n=35)
[2026-04-08 21:54:26]   v4_plain_best        AUROC: 0.8395±0.0408  AUPRC: 0.3862±0.2408  (n=35)
[2026-04-08 21:54:26]   v4_type_pe_best      AUROC: 0.8402±0.0448  AUPRC: 0.3935±0.2403  (n=35)
[2026-04-08 21:54:26] Conference table saved to /bigdata2/hyt/projects/scbenchmark_xjq/comparison-SC-embedding/results/grn_beeline_full/conference_table.md
[2026-04-08 21:54:26] 
Results saved to /bigdata2/hyt/projects/scbenchmark_xjq/comparison-SC-embedding/results/grn_beeline_full/grn_beeline_full_results.csv
[2026-04-08 21:54:26] 
Done!
